

*******************************************************************************
Sun Mar 24 20:09:39 2024


FIT:    data read from 'electromagnet+NdFeB_large.txt' u 1:2
        format = x:z
        #datapoints = 7
        residuals are weighted equally (unit weight)

function used for fitting: y(x)
	y(x) = m*x + c
fitted parameters initialized with current variable values

iter      chisq       delta/lim  lambda   m             c            
   0 6.1289177774e+05   0.00e+00  2.66e+01    5.295393e+01   5.912058e+00
   5 4.9451116650e-01  -3.30e-08  2.66e-04    2.454239e+01   3.179057e+02

After 5 iterations the fit converged.
final sum of squares of residuals : 0.494511
rel. change during last iteration : -3.30365e-13

degrees of freedom    (FIT_NDF)                        : 5
rms of residuals      (FIT_STDFIT) = sqrt(WSSR/ndf)    : 0.314487
variance of residuals (reduced chisquare) = WSSR/ndf   : 0.0989022

Final set of parameters            Asymptotic Standard Error
=======================            ==========================
m               = 24.5424          +/- 0.2952       (1.203%)
c               = 317.906          +/- 0.2071       (0.06513%)

correlation matrix of the fit parameters:
                m      c      
m               1.000 
c              -0.819  1.000 


*******************************************************************************
Sun Mar 24 20:10:34 2024


FIT:    data read from 'electromagnet+NdFeB_large.txt' u 1:2
        format = x:z
        #datapoints = 7
        residuals are weighted equally (unit weight)

function used for fitting: y(x)
	y(x) = m*x + c
fitted parameters initialized with current variable values

iter      chisq       delta/lim  lambda   m             c            
   0 6.1289177774e+05   0.00e+00  2.66e+01    5.295393e+01   5.912058e+00
   5 4.9451116650e-01  -3.30e-08  2.66e-04    2.454239e+01   3.179057e+02

After 5 iterations the fit converged.
final sum of squares of residuals : 0.494511
rel. change during last iteration : -3.30365e-13

degrees of freedom    (FIT_NDF)                        : 5
rms of residuals      (FIT_STDFIT) = sqrt(WSSR/ndf)    : 0.314487
variance of residuals (reduced chisquare) = WSSR/ndf   : 0.0989022

Final set of parameters            Asymptotic Standard Error
=======================            ==========================
m               = 24.5424          +/- 0.2952       (1.203%)
c               = 317.906          +/- 0.2071       (0.06513%)

correlation matrix of the fit parameters:
                m      c      
m               1.000 
c              -0.819  1.000 


*******************************************************************************
Sun Mar 24 20:12:56 2024


FIT:    data read from 'electromagnet+NdFeB_large.txt' u 1:2
        format = x:z
        #datapoints = 7
        residuals are weighted equally (unit weight)

function used for fitting: y(x)
	y(x) = m*x + c
fitted parameters initialized with current variable values

iter      chisq       delta/lim  lambda   m             c            
   0 6.1289177774e+05   0.00e+00  2.66e+01    5.295393e+01   5.912058e+00
   5 4.9451116650e-01  -3.30e-08  2.66e-04    2.454239e+01   3.179057e+02

After 5 iterations the fit converged.
final sum of squares of residuals : 0.494511
rel. change during last iteration : -3.30365e-13

degrees of freedom    (FIT_NDF)                        : 5
rms of residuals      (FIT_STDFIT) = sqrt(WSSR/ndf)    : 0.314487
variance of residuals (reduced chisquare) = WSSR/ndf   : 0.0989022

Final set of parameters            Asymptotic Standard Error
=======================            ==========================
m               = 24.5424          +/- 0.2952       (1.203%)
c               = 317.906          +/- 0.2071       (0.06513%)

correlation matrix of the fit parameters:
                m      c      
m               1.000 
c              -0.819  1.000 


*******************************************************************************
Sun Mar 24 20:30:14 2024


FIT:    data read from 'electromagnet+NdFeB_large.txt' u 1:2
        format = x:z
        #datapoints = 7
        residuals are weighted equally (unit weight)

function used for fitting: y(x)
	y(x) = m*x + c
fitted parameters initialized with current variable values

iter      chisq       delta/lim  lambda   m             c            
   0 6.1289177774e+05   0.00e+00  2.66e+01    5.295393e+01   5.912058e+00
   5 4.9451116650e-01  -3.30e-08  2.66e-04    2.454239e+01   3.179057e+02

After 5 iterations the fit converged.
final sum of squares of residuals : 0.494511
rel. change during last iteration : -3.30365e-13

degrees of freedom    (FIT_NDF)                        : 5
rms of residuals      (FIT_STDFIT) = sqrt(WSSR/ndf)    : 0.314487
variance of residuals (reduced chisquare) = WSSR/ndf   : 0.0989022

Final set of parameters            Asymptotic Standard Error
=======================            ==========================
m               = 24.5424          +/- 0.2952       (1.203%)
c               = 317.906          +/- 0.2071       (0.06513%)

correlation matrix of the fit parameters:
                m      c      
m               1.000 
c              -0.819  1.000 


*******************************************************************************
Sun Mar 24 20:36:54 2024


FIT:    data read from 'electromagnet+NdFeB_large.txt' u 1:2
        format = x:z
        #datapoints = 7
        residuals are weighted equally (unit weight)

function used for fitting: y(x)
	y(x) = m*x + c
fitted parameters initialized with current variable values

iter      chisq       delta/lim  lambda   m             c            
   0 6.1289177774e+05   0.00e+00  2.66e+01    5.295393e+01   5.912058e+00
   5 4.9451116650e-01  -3.30e-08  2.66e-04    2.454239e+01   3.179057e+02

After 5 iterations the fit converged.
final sum of squares of residuals : 0.494511
rel. change during last iteration : -3.30365e-13

degrees of freedom    (FIT_NDF)                        : 5
rms of residuals      (FIT_STDFIT) = sqrt(WSSR/ndf)    : 0.314487
variance of residuals (reduced chisquare) = WSSR/ndf   : 0.0989022

Final set of parameters            Asymptotic Standard Error
=======================            ==========================
m               = 24.5424          +/- 0.2952       (1.203%)
c               = 317.906          +/- 0.2071       (0.06513%)

correlation matrix of the fit parameters:
                m      c      
m               1.000 
c              -0.819  1.000 


*******************************************************************************
Sun Mar 24 20:37:08 2024


FIT:    data read from 'electromagnet+NdFeB_large.txt' u 1:2
        format = x:z
        #datapoints = 7
        residuals are weighted equally (unit weight)

function used for fitting: y(x)
	y(x) = m*x + c
fitted parameters initialized with current variable values

iter      chisq       delta/lim  lambda   m             c            
   0 6.1289177774e+05   0.00e+00  2.66e+01    5.295393e+01   5.912058e+00
   5 4.9451116650e-01  -3.30e-08  2.66e-04    2.454239e+01   3.179057e+02

After 5 iterations the fit converged.
final sum of squares of residuals : 0.494511
rel. change during last iteration : -3.30365e-13

degrees of freedom    (FIT_NDF)                        : 5
rms of residuals      (FIT_STDFIT) = sqrt(WSSR/ndf)    : 0.314487
variance of residuals (reduced chisquare) = WSSR/ndf   : 0.0989022

Final set of parameters            Asymptotic Standard Error
=======================            ==========================
m               = 24.5424          +/- 0.2952       (1.203%)
c               = 317.906          +/- 0.2071       (0.06513%)

correlation matrix of the fit parameters:
                m      c      
m               1.000 
c              -0.819  1.000 


*******************************************************************************
Sun Mar 24 20:37:16 2024


FIT:    data read from 'electromagnet+NdFeB_large.txt' u 1:2
        format = x:z
        #datapoints = 7
        residuals are weighted equally (unit weight)

function used for fitting: y(x)
	y(x) = m*x + c
fitted parameters initialized with current variable values

iter      chisq       delta/lim  lambda   m             c            
   0 6.1289177774e+05   0.00e+00  2.66e+01    5.295393e+01   5.912058e+00
   5 4.9451116650e-01  -3.30e-08  2.66e-04    2.454239e+01   3.179057e+02

After 5 iterations the fit converged.
final sum of squares of residuals : 0.494511
rel. change during last iteration : -3.30365e-13

degrees of freedom    (FIT_NDF)                        : 5
rms of residuals      (FIT_STDFIT) = sqrt(WSSR/ndf)    : 0.314487
variance of residuals (reduced chisquare) = WSSR/ndf   : 0.0989022

Final set of parameters            Asymptotic Standard Error
=======================            ==========================
m               = 24.5424          +/- 0.2952       (1.203%)
c               = 317.906          +/- 0.2071       (0.06513%)

correlation matrix of the fit parameters:
                m      c      
m               1.000 
c              -0.819  1.000 


*******************************************************************************
Sun Mar 24 20:37:24 2024


FIT:    data read from 'electromagnet+NdFeB_large.txt' u 1:2
        format = x:z
        #datapoints = 7
        residuals are weighted equally (unit weight)

function used for fitting: y(x)
	y(x) = m*x + c
fitted parameters initialized with current variable values

iter      chisq       delta/lim  lambda   m             c            
   0 6.1289177774e+05   0.00e+00  2.66e+01    5.295393e+01   5.912058e+00
   5 4.9451116650e-01  -3.30e-08  2.66e-04    2.454239e+01   3.179057e+02

After 5 iterations the fit converged.
final sum of squares of residuals : 0.494511
rel. change during last iteration : -3.30365e-13

degrees of freedom    (FIT_NDF)                        : 5
rms of residuals      (FIT_STDFIT) = sqrt(WSSR/ndf)    : 0.314487
variance of residuals (reduced chisquare) = WSSR/ndf   : 0.0989022

Final set of parameters            Asymptotic Standard Error
=======================            ==========================
m               = 24.5424          +/- 0.2952       (1.203%)
c               = 317.906          +/- 0.2071       (0.06513%)

correlation matrix of the fit parameters:
                m      c      
m               1.000 
c              -0.819  1.000 


*******************************************************************************
Sun Mar 24 20:37:31 2024


FIT:    data read from 'electromagnet+NdFeB_large.txt' u 1:2
        format = x:z
        #datapoints = 7
        residuals are weighted equally (unit weight)

function used for fitting: y(x)
	y(x) = m*x + c
fitted parameters initialized with current variable values

iter      chisq       delta/lim  lambda   m             c            
   0 6.1289177774e+05   0.00e+00  2.66e+01    5.295393e+01   5.912058e+00
   5 4.9451116650e-01  -3.30e-08  2.66e-04    2.454239e+01   3.179057e+02

After 5 iterations the fit converged.
final sum of squares of residuals : 0.494511
rel. change during last iteration : -3.30365e-13

degrees of freedom    (FIT_NDF)                        : 5
rms of residuals      (FIT_STDFIT) = sqrt(WSSR/ndf)    : 0.314487
variance of residuals (reduced chisquare) = WSSR/ndf   : 0.0989022

Final set of parameters            Asymptotic Standard Error
=======================            ==========================
m               = 24.5424          +/- 0.2952       (1.203%)
c               = 317.906          +/- 0.2071       (0.06513%)

correlation matrix of the fit parameters:
                m      c      
m               1.000 
c              -0.819  1.000 


*******************************************************************************
Sun Mar 24 20:37:42 2024


FIT:    data read from 'electromagnet+NdFeB_large.txt' u 1:2
        format = x:z
        #datapoints = 7
        residuals are weighted equally (unit weight)

function used for fitting: y(x)
	y(x) = m*x + c
fitted parameters initialized with current variable values

iter      chisq       delta/lim  lambda   m             c            
   0 6.1289177774e+05   0.00e+00  2.66e+01    5.295393e+01   5.912058e+00
   5 4.9451116650e-01  -3.30e-08  2.66e-04    2.454239e+01   3.179057e+02

After 5 iterations the fit converged.
final sum of squares of residuals : 0.494511
rel. change during last iteration : -3.30365e-13

degrees of freedom    (FIT_NDF)                        : 5
rms of residuals      (FIT_STDFIT) = sqrt(WSSR/ndf)    : 0.314487
variance of residuals (reduced chisquare) = WSSR/ndf   : 0.0989022

Final set of parameters            Asymptotic Standard Error
=======================            ==========================
m               = 24.5424          +/- 0.2952       (1.203%)
c               = 317.906          +/- 0.2071       (0.06513%)

correlation matrix of the fit parameters:
                m      c      
m               1.000 
c              -0.819  1.000 


*******************************************************************************
Sun Mar 24 20:38:15 2024


FIT:    data read from 'electromagnet+NdFeB_large.txt' u 1:2
        format = x:z
        #datapoints = 7
        residuals are weighted equally (unit weight)

function used for fitting: y(x)
	y(x) = m*x + c
fitted parameters initialized with current variable values

iter      chisq       delta/lim  lambda   m             c            
   0 6.1289177774e+05   0.00e+00  2.66e+01    5.295393e+01   5.912058e+00
   5 4.9451116650e-01  -3.30e-08  2.66e-04    2.454239e+01   3.179057e+02

After 5 iterations the fit converged.
final sum of squares of residuals : 0.494511
rel. change during last iteration : -3.30365e-13

degrees of freedom    (FIT_NDF)                        : 5
rms of residuals      (FIT_STDFIT) = sqrt(WSSR/ndf)    : 0.314487
variance of residuals (reduced chisquare) = WSSR/ndf   : 0.0989022

Final set of parameters            Asymptotic Standard Error
=======================            ==========================
m               = 24.5424          +/- 0.2952       (1.203%)
c               = 317.906          +/- 0.2071       (0.06513%)

correlation matrix of the fit parameters:
                m      c      
m               1.000 
c              -0.819  1.000 


*******************************************************************************
Sun Mar 24 20:39:01 2024


FIT:    data read from 'electromagnet+NdFeB_large.txt' u 1:2
        format = x:z
        #datapoints = 7
        residuals are weighted equally (unit weight)

function used for fitting: y(x)
	y(x) = m*x + c
fitted parameters initialized with current variable values

iter      chisq       delta/lim  lambda   m             c            
   0 6.1289177774e+05   0.00e+00  2.66e+01    5.295393e+01   5.912058e+00
   5 4.9451116650e-01  -3.30e-08  2.66e-04    2.454239e+01   3.179057e+02

After 5 iterations the fit converged.
final sum of squares of residuals : 0.494511
rel. change during last iteration : -3.30365e-13

degrees of freedom    (FIT_NDF)                        : 5
rms of residuals      (FIT_STDFIT) = sqrt(WSSR/ndf)    : 0.314487
variance of residuals (reduced chisquare) = WSSR/ndf   : 0.0989022

Final set of parameters            Asymptotic Standard Error
=======================            ==========================
m               = 24.5424          +/- 0.2952       (1.203%)
c               = 317.906          +/- 0.2071       (0.06513%)

correlation matrix of the fit parameters:
                m      c      
m               1.000 
c              -0.819  1.000 


*******************************************************************************
Sun Mar 24 20:39:42 2024


FIT:    data read from 'electromagnet+NdFeB_large.txt' u 1:2
        format = x:z
        #datapoints = 7
        residuals are weighted equally (unit weight)

function used for fitting: y(x)
	y(x) = m*x + c
fitted parameters initialized with current variable values

iter      chisq       delta/lim  lambda   m             c            
   0 6.1289177774e+05   0.00e+00  2.66e+01    5.295393e+01   5.912058e+00
   5 4.9451116650e-01  -3.30e-08  2.66e-04    2.454239e+01   3.179057e+02

After 5 iterations the fit converged.
final sum of squares of residuals : 0.494511
rel. change during last iteration : -3.30365e-13

degrees of freedom    (FIT_NDF)                        : 5
rms of residuals      (FIT_STDFIT) = sqrt(WSSR/ndf)    : 0.314487
variance of residuals (reduced chisquare) = WSSR/ndf   : 0.0989022

Final set of parameters            Asymptotic Standard Error
=======================            ==========================
m               = 24.5424          +/- 0.2952       (1.203%)
c               = 317.906          +/- 0.2071       (0.06513%)

correlation matrix of the fit parameters:
                m      c      
m               1.000 
c              -0.819  1.000 


*******************************************************************************
Sun Mar 24 20:40:50 2024


FIT:    data read from 'electromagnet+NdFeB_large.txt' u 1:2
        format = x:z
        #datapoints = 7
        residuals are weighted equally (unit weight)

function used for fitting: y(x)
	y(x) = m*x + c
fitted parameters initialized with current variable values

iter      chisq       delta/lim  lambda   m             c            
   0 6.1289177774e+05   0.00e+00  2.66e+01    5.295393e+01   5.912058e+00
   5 4.9451116650e-01  -3.30e-08  2.66e-04    2.454239e+01   3.179057e+02

After 5 iterations the fit converged.
final sum of squares of residuals : 0.494511
rel. change during last iteration : -3.30365e-13

degrees of freedom    (FIT_NDF)                        : 5
rms of residuals      (FIT_STDFIT) = sqrt(WSSR/ndf)    : 0.314487
variance of residuals (reduced chisquare) = WSSR/ndf   : 0.0989022

Final set of parameters            Asymptotic Standard Error
=======================            ==========================
m               = 24.5424          +/- 0.2952       (1.203%)
c               = 317.906          +/- 0.2071       (0.06513%)

correlation matrix of the fit parameters:
                m      c      
m               1.000 
c              -0.819  1.000 


*******************************************************************************
Sun Mar 24 20:41:28 2024


FIT:    data read from 'electromagnet+NdFeB_large.txt' u 1:2
        format = x:z
        #datapoints = 7
        residuals are weighted equally (unit weight)

function used for fitting: y(x)
	y(x) = m*x + c
fitted parameters initialized with current variable values

iter      chisq       delta/lim  lambda   m             c            
   0 6.1289177774e+05   0.00e+00  2.66e+01    5.295393e+01   5.912058e+00
   5 4.9451116650e-01  -3.30e-08  2.66e-04    2.454239e+01   3.179057e+02

After 5 iterations the fit converged.
final sum of squares of residuals : 0.494511
rel. change during last iteration : -3.30365e-13

degrees of freedom    (FIT_NDF)                        : 5
rms of residuals      (FIT_STDFIT) = sqrt(WSSR/ndf)    : 0.314487
variance of residuals (reduced chisquare) = WSSR/ndf   : 0.0989022

Final set of parameters            Asymptotic Standard Error
=======================            ==========================
m               = 24.5424          +/- 0.2952       (1.203%)
c               = 317.906          +/- 0.2071       (0.06513%)

correlation matrix of the fit parameters:
                m      c      
m               1.000 
c              -0.819  1.000 


*******************************************************************************
Sun Mar 24 20:42:26 2024


FIT:    data read from 'electromagnet+NdFeB_large.txt' u 1:2
        format = x:z
        #datapoints = 7
        residuals are weighted equally (unit weight)

function used for fitting: y(x)
	y(x) = m * x + c
fitted parameters initialized with current variable values

iter      chisq       delta/lim  lambda   m             c            
   0 6.1289177774e+05   0.00e+00  2.66e+01    5.295393e+01   5.912058e+00
   5 4.9451116650e-01  -3.30e-08  2.66e-04    2.454239e+01   3.179057e+02

After 5 iterations the fit converged.
final sum of squares of residuals : 0.494511
rel. change during last iteration : -3.30365e-13

degrees of freedom    (FIT_NDF)                        : 5
rms of residuals      (FIT_STDFIT) = sqrt(WSSR/ndf)    : 0.314487
variance of residuals (reduced chisquare) = WSSR/ndf   : 0.0989022

Final set of parameters            Asymptotic Standard Error
=======================            ==========================
m               = 24.5424          +/- 0.2952       (1.203%)
c               = 317.906          +/- 0.2071       (0.06513%)

correlation matrix of the fit parameters:
                m      c      
m               1.000 
c              -0.819  1.000 


*******************************************************************************
Sun Mar 24 20:43:27 2024


FIT:    data read from 'electromagnet+NdFeB_large.txt' u 1:2
        format = x:z
        #datapoints = 7
        residuals are weighted equally (unit weight)

function used for fitting: y(x)
	y(x) = m * x + c
fitted parameters initialized with current variable values

iter      chisq       delta/lim  lambda   m             c            
   0 6.1289177774e+05   0.00e+00  2.66e+01    5.295393e+01   5.912058e+00
   5 4.9451116650e-01  -3.30e-08  2.66e-04    2.454239e+01   3.179057e+02

After 5 iterations the fit converged.
final sum of squares of residuals : 0.494511
rel. change during last iteration : -3.30365e-13

degrees of freedom    (FIT_NDF)                        : 5
rms of residuals      (FIT_STDFIT) = sqrt(WSSR/ndf)    : 0.314487
variance of residuals (reduced chisquare) = WSSR/ndf   : 0.0989022

Final set of parameters            Asymptotic Standard Error
=======================            ==========================
m               = 24.5424          +/- 0.2952       (1.203%)
c               = 317.906          +/- 0.2071       (0.06513%)

correlation matrix of the fit parameters:
                m      c      
m               1.000 
c              -0.819  1.000 
