

*******************************************************************************
Wed Apr 17 18:00:14 2024


FIT:    data read from 'UR-4.csv' u ($1*1e-9):2
        format = x:z
        x range restricted to [9.14010 : 9.74010]
        #datapoints = 31
        residuals are weighted equally (unit weight)

function used for fitting: l(x)
	l(x) = Al / pi * (b / ((x - a)**2 + b**2)) - offsetl
fitted parameters initialized with current variable values

iter      chisq       delta/lim  lambda   a             b             offsetl       Al           
   0 6.1351927072e+02   0.00e+00  1.06e+02    9.440100e+00   5.000000e-01   4.000000e+01   3.500000e+01
  12 2.0067338225e+01   0.00e+00  1.06e+08    9.435109e+00   1.087351e-01   2.716913e+01   6.808307e+00

After 12 iterations the fit converged.
final sum of squares of residuals : 20.0673
rel. change during last iteration : 0

degrees of freedom    (FIT_NDF)                        : 27
rms of residuals      (FIT_STDFIT) = sqrt(WSSR/ndf)    : 0.862111
variance of residuals (reduced chisquare) = WSSR/ndf   : 0.743235

Final set of parameters            Asymptotic Standard Error
=======================            ==========================
a               = 9.43511          +/- 0.002293     (0.02431%)
b               = 0.108735         +/- 0.00654      (6.014%)
offsetl         = 27.1691          +/- 0.5289       (1.947%)
Al              = 6.80831          +/- 0.4937       (7.252%)

correlation matrix of the fit parameters:
                a      b      offset Al     
a               1.000 
b              -0.048  1.000 
offsetl        -0.017  0.850  1.000 
Al             -0.025  0.929  0.952  1.000 


*******************************************************************************
Wed Apr 17 19:43:57 2024


FIT:    data read from 'UR-4.csv' u ($1*1e-9):2
        format = x:z
        x range restricted to [9.32000 : 9.62000]
        #datapoints = 31
        residuals are weighted equally (unit weight)

function used for fitting: l(x)
	l(x) = Al / pi * (b / ((x - a)**2 + b**2)) - offsetl
fitted parameters initialized with current variable values

iter      chisq       delta/lim  lambda   a             b             offsetl       Al           
   0 4.0360999161e+03   0.00e+00  7.22e+01    9.470000e+00   5.000000e-01   4.000000e+01   3.500000e+01
 148 1.3311630991e+01  -3.32e-01  7.22e-04    9.463421e+00   7.863119e-02   3.805142e+01   3.921438e+00

After 148 iterations the fit converged.
final sum of squares of residuals : 13.3116
rel. change during last iteration : -3.3195e-06

degrees of freedom    (FIT_NDF)                        : 27
rms of residuals      (FIT_STDFIT) = sqrt(WSSR/ndf)    : 0.702156
variance of residuals (reduced chisquare) = WSSR/ndf   : 0.493023

Final set of parameters            Asymptotic Standard Error
=======================            ==========================
a               = 9.46342          +/- 0.001437     (0.01518%)
b               = 0.0786312        +/- 0.005895     (7.497%)
offsetl         = 38.0514          +/- 0.7457       (1.96%)
Al              = 3.92144          +/- 0.4272       (10.89%)

correlation matrix of the fit parameters:
                a      b      offset Al     
a               1.000 
b              -0.035  1.000 
offsetl         0.007  0.918  1.000 
Al             -0.004  0.961  0.981  1.000 


*******************************************************************************
Fri Apr 19 14:22:59 2024


FIT:    data read from 'UR-4.csv' u ($1*1e-9):2
        format = x:z
        x range restricted to [9.29000 : 9.59000]
        #datapoints = 31
        residuals are weighted equally (unit weight)

function used for fitting: l(x)
	l(x) = Al / pi * (b / ((x - a)**2 + b**2)) - offsetl
fitted parameters initialized with current variable values

iter      chisq       delta/lim  lambda   a             b             offsetl       Al           
   0 2.3276433385e+03   0.00e+00  7.20e+01    9.440000e+00   5.000000e-01   4.000000e+01   3.500000e+01
 192 4.4136015014e+00   0.00e+00  7.20e+07    9.444153e+00   7.770503e-02   3.503294e+01   3.872674e+00

After 192 iterations the fit converged.
final sum of squares of residuals : 4.4136
rel. change during last iteration : 0

degrees of freedom    (FIT_NDF)                        : 27
rms of residuals      (FIT_STDFIT) = sqrt(WSSR/ndf)    : 0.40431
variance of residuals (reduced chisquare) = WSSR/ndf   : 0.163467

Final set of parameters            Asymptotic Standard Error
=======================            ==========================
a               = 9.44415          +/- 0.0008224    (0.008708%)
b               = 0.077705         +/- 0.003347     (4.308%)
offsetl         = 35.0329          +/- 0.4234       (1.209%)
Al              = 3.87267          +/- 0.2409       (6.22%)

correlation matrix of the fit parameters:
                a      b      offset Al     
a               1.000 
b              -0.077  1.000 
offsetl        -0.049  0.917  1.000 
Al             -0.054  0.960  0.981  1.000 
