

*******************************************************************************
Mon Apr 08 11:17:48 2024


FIT:    data read from '5.28A.csv' u ($1*1e-9):2
        format = x:z
        x range restricted to [9.08000 : 9.38000]
        #datapoints = 31
        residuals are weighted equally (unit weight)

function used for fitting: l(x)
	l(x) = Al / pi * (b / ((x - a)**2 + b**2)) - offsetl
fitted parameters initialized with current variable values

iter      chisq       delta/lim  lambda   a             b             offsetl       Al           
   0 3.5995608327e+00   0.00e+00  5.22e+00    9.230000e+00   1.209031e+00   4.667660e+00   1.987398e+01
   6 3.5245090096e+00  -3.19e-02  5.22e-02    9.163973e+00   1.180052e+00   5.318747e+00   2.191087e+01

After 6 iterations the fit converged.
final sum of squares of residuals : 3.52451
rel. change during last iteration : -3.18581e-07

degrees of freedom    (FIT_NDF)                        : 27
rms of residuals      (FIT_STDFIT) = sqrt(WSSR/ndf)    : 0.3613
variance of residuals (reduced chisquare) = WSSR/ndf   : 0.130537

Final set of parameters            Asymptotic Standard Error
=======================            ==========================
a               = 9.16397          +/- 0.1771       (1.933%)
b               = 1.18005          +/- 87.44        (7409%)
offsetl         = 5.31875          +/- 845.6        (1.59e+04%)
Al              = 21.9109          +/- 4756         (2.171e+04%)

correlation matrix of the fit parameters:
                a      b      offset Al     
a               1.000 
b              -0.344  1.000 
offsetl        -0.333  1.000  1.000 
Al             -0.337  1.000  1.000  1.000 


*******************************************************************************
Mon Apr 08 11:22:51 2024


FIT:    data read from '5.28A.csv' u ($1*1e-9):2
        format = x:z
        x range restricted to [9.08000 : 9.38000]
        #datapoints = 31
        residuals are weighted equally (unit weight)

function used for fitting: l(x)
	l(x) = Al / pi * (b / ((x - a)**2 + b**2)) - offsetl
fitted parameters initialized with current variable values

iter      chisq       delta/lim  lambda   a             b             offsetl       Al           
   0 3.5995608327e+00   0.00e+00  5.22e+00    9.230000e+00   1.209031e+00   4.667660e+00   1.987398e+01
   6 3.5245090096e+00  -3.19e-02  5.22e-02    9.163973e+00   1.180052e+00   5.318747e+00   2.191087e+01

After 6 iterations the fit converged.
final sum of squares of residuals : 3.52451
rel. change during last iteration : -3.18581e-07

degrees of freedom    (FIT_NDF)                        : 27
rms of residuals      (FIT_STDFIT) = sqrt(WSSR/ndf)    : 0.3613
variance of residuals (reduced chisquare) = WSSR/ndf   : 0.130537

Final set of parameters            Asymptotic Standard Error
=======================            ==========================
a               = 9.16397          +/- 0.1771       (1.933%)
b               = 1.18005          +/- 87.44        (7409%)
offsetl         = 5.31875          +/- 845.6        (1.59e+04%)
Al              = 21.9109          +/- 4756         (2.171e+04%)

correlation matrix of the fit parameters:
                a      b      offset Al     
a               1.000 
b              -0.344  1.000 
offsetl        -0.333  1.000  1.000 
Al             -0.337  1.000  1.000  1.000 
