

*******************************************************************************
Mon Apr 08 11:17:48 2024


FIT:    data read from '5.42A.csv' u ($1*1e-9):2
        format = x:z
        x range restricted to [9.08000 : 9.38000]
        #datapoints = 31
        residuals are weighted equally (unit weight)

function used for fitting: l(x)
	l(x) = Al / pi * (b / ((x - a)**2 + b**2)) - offsetl
fitted parameters initialized with current variable values

iter      chisq       delta/lim  lambda   a             b             offsetl       Al           
   0 3.6414376776e+00   0.00e+00  6.00e+00    9.230000e+00   1.180052e+00   5.318747e+00   2.191087e+01
   5 3.4964772659e+00  -3.06e-01  6.00e-02    9.115597e+00   1.367870e+00   5.128983e+00   2.458039e+01

After 5 iterations the fit converged.
final sum of squares of residuals : 3.49648
rel. change during last iteration : -3.05792e-06

degrees of freedom    (FIT_NDF)                        : 27
rms of residuals      (FIT_STDFIT) = sqrt(WSSR/ndf)    : 0.35986
variance of residuals (reduced chisquare) = WSSR/ndf   : 0.129499

Final set of parameters            Asymptotic Standard Error
=======================            ==========================
a               = 9.1156           +/- 0.5504       (6.038%)
b               = 1.36787          +/- 113.9        (8329%)
offsetl         = 5.12898          +/- 903.2        (1.761e+04%)
Al              = 24.5804          +/- 5926         (2.411e+04%)

correlation matrix of the fit parameters:
                a      b      offset Al     
a               1.000 
b              -0.761  1.000 
offsetl        -0.750  1.000  1.000 
Al             -0.754  1.000  1.000  1.000 


*******************************************************************************
Mon Apr 08 11:22:51 2024


FIT:    data read from '5.42A.csv' u ($1*1e-9):2
        format = x:z
        x range restricted to [9.08000 : 9.38000]
        #datapoints = 31
        residuals are weighted equally (unit weight)

function used for fitting: l(x)
	l(x) = Al / pi * (b / ((x - a)**2 + b**2)) - offsetl
fitted parameters initialized with current variable values

iter      chisq       delta/lim  lambda   a             b             offsetl       Al           
   0 3.6414376776e+00   0.00e+00  6.00e+00    9.230000e+00   1.180052e+00   5.318747e+00   2.191087e+01
   5 3.4964772659e+00  -3.06e-01  6.00e-02    9.115597e+00   1.367870e+00   5.128983e+00   2.458039e+01

After 5 iterations the fit converged.
final sum of squares of residuals : 3.49648
rel. change during last iteration : -3.05792e-06

degrees of freedom    (FIT_NDF)                        : 27
rms of residuals      (FIT_STDFIT) = sqrt(WSSR/ndf)    : 0.35986
variance of residuals (reduced chisquare) = WSSR/ndf   : 0.129499

Final set of parameters            Asymptotic Standard Error
=======================            ==========================
a               = 9.1156           +/- 0.5504       (6.038%)
b               = 1.36787          +/- 113.9        (8329%)
offsetl         = 5.12898          +/- 903.2        (1.761e+04%)
Al              = 24.5804          +/- 5926         (2.411e+04%)

correlation matrix of the fit parameters:
                a      b      offset Al     
a               1.000 
b              -0.761  1.000 
offsetl        -0.750  1.000  1.000 
Al             -0.754  1.000  1.000  1.000 
