

*******************************************************************************
Mon Apr 08 11:17:49 2024


FIT:    data read from '5.60A.csv' u ($1*1e-9):2
        format = x:z
        x range restricted to [9.08000 : 9.38000]
        #datapoints = 31
        residuals are weighted equally (unit weight)

function used for fitting: l(x)
	l(x) = Al / pi * (b / ((x - a)**2 + b**2)) - offsetl
fitted parameters initialized with current variable values

iter      chisq       delta/lim  lambda   a             b             offsetl       Al           
   0 3.6121179265e+00   0.00e+00  5.26e+00    9.230000e+00   1.395070e+00   5.056659e+00   2.475083e+01
   3 3.4481702015e+00  -4.82e-01  5.26e-02    9.103945e+00   1.405035e+00   5.034908e+00   2.485898e+01

After 3 iterations the fit converged.
final sum of squares of residuals : 3.44817
rel. change during last iteration : -4.81545e-06

degrees of freedom    (FIT_NDF)                        : 27
rms of residuals      (FIT_STDFIT) = sqrt(WSSR/ndf)    : 0.357365
variance of residuals (reduced chisquare) = WSSR/ndf   : 0.12771

Final set of parameters            Asymptotic Standard Error
=======================            ==========================
a               = 9.10394          +/- 0.6974       (7.661%)
b               = 1.40504          +/- 120.3        (8563%)
offsetl         = 5.03491          +/- 909.4        (1.806e+04%)
Al              = 24.859           +/- 6140         (2.47e+04%)

correlation matrix of the fit parameters:
                a      b      offset Al     
a               1.000 
b              -0.805  1.000 
offsetl        -0.795  1.000  1.000 
Al             -0.798  1.000  1.000  1.000 


*******************************************************************************
Mon Apr 08 11:22:51 2024


FIT:    data read from '5.60A.csv' u ($1*1e-9):2
        format = x:z
        x range restricted to [9.08000 : 9.38000]
        #datapoints = 31
        residuals are weighted equally (unit weight)

function used for fitting: l(x)
	l(x) = Al / pi * (b / ((x - a)**2 + b**2)) - offsetl
fitted parameters initialized with current variable values

iter      chisq       delta/lim  lambda   a             b             offsetl       Al           
   0 3.6121179265e+00   0.00e+00  5.26e+00    9.230000e+00   1.395070e+00   5.056659e+00   2.475083e+01
   3 3.4481702015e+00  -4.82e-01  5.26e-02    9.103945e+00   1.405035e+00   5.034908e+00   2.485898e+01

After 3 iterations the fit converged.
final sum of squares of residuals : 3.44817
rel. change during last iteration : -4.81545e-06

degrees of freedom    (FIT_NDF)                        : 27
rms of residuals      (FIT_STDFIT) = sqrt(WSSR/ndf)    : 0.357365
variance of residuals (reduced chisquare) = WSSR/ndf   : 0.12771

Final set of parameters            Asymptotic Standard Error
=======================            ==========================
a               = 9.10394          +/- 0.6974       (7.661%)
b               = 1.40504          +/- 120.3        (8563%)
offsetl         = 5.03491          +/- 909.4        (1.806e+04%)
Al              = 24.859           +/- 6140         (2.47e+04%)

correlation matrix of the fit parameters:
                a      b      offset Al     
a               1.000 
b              -0.805  1.000 
offsetl        -0.795  1.000  1.000 
Al             -0.798  1.000  1.000  1.000 
