

*******************************************************************************
Mon Apr 08 11:17:46 2024


FIT:    data read from '5.20A.csv' u ($1*1e-9):2
        format = x:z
        x range restricted to [9.08000 : 9.38000]
        #datapoints = 31
        residuals are weighted equally (unit weight)

function used for fitting: l(x)
	l(x) = Al / pi * (b / ((x - a)**2 + b**2)) - offsetl
fitted parameters initialized with current variable values

iter      chisq       delta/lim  lambda   a             b             offsetl       Al           
   0 1.1076021945e+04   0.00e+00  7.06e+01    9.230000e+00   5.000000e-01   4.000000e+01   3.500000e+01
 258 3.2745871576e+00  -1.76e-01  7.06e-02    9.124273e+00   1.209031e+00   4.667660e+00   1.987398e+01

After 258 iterations the fit converged.
final sum of squares of residuals : 3.27459
rel. change during last iteration : -1.75615e-06

degrees of freedom    (FIT_NDF)                        : 27
rms of residuals      (FIT_STDFIT) = sqrt(WSSR/ndf)    : 0.348254
variance of residuals (reduced chisquare) = WSSR/ndf   : 0.121281

Final set of parameters            Asymptotic Standard Error
=======================            ==========================
a               = 9.12427          +/- 0.3974       (4.355%)
b               = 1.20903          +/- 71.1         (5880%)
offsetl         = 4.66766          +/- 579.6        (1.242e+04%)
Al              = 19.874           +/- 3369         (1.695e+04%)

correlation matrix of the fit parameters:
                a      b      offset Al     
a               1.000 
b              -0.721  1.000 
offsetl        -0.707  1.000  1.000 
Al             -0.712  1.000  1.000  1.000 


*******************************************************************************
Mon Apr 08 11:22:50 2024


FIT:    data read from '5.20A.csv' u ($1*1e-9):2
        format = x:z
        x range restricted to [9.08000 : 9.38000]
        #datapoints = 31
        residuals are weighted equally (unit weight)

function used for fitting: l(x)
	l(x) = Al / pi * (b / ((x - a)**2 + b**2)) - offsetl
fitted parameters initialized with current variable values

iter      chisq       delta/lim  lambda   a             b             offsetl       Al           
   0 1.1076021945e+04   0.00e+00  7.06e+01    9.230000e+00   5.000000e-01   4.000000e+01   3.500000e+01
 258 3.2745871576e+00  -1.76e-01  7.06e-02    9.124273e+00   1.209031e+00   4.667660e+00   1.987398e+01

After 258 iterations the fit converged.
final sum of squares of residuals : 3.27459
rel. change during last iteration : -1.75615e-06

degrees of freedom    (FIT_NDF)                        : 27
rms of residuals      (FIT_STDFIT) = sqrt(WSSR/ndf)    : 0.348254
variance of residuals (reduced chisquare) = WSSR/ndf   : 0.121281

Final set of parameters            Asymptotic Standard Error
=======================            ==========================
a               = 9.12427          +/- 0.3974       (4.355%)
b               = 1.20903          +/- 71.1         (5880%)
offsetl         = 4.66766          +/- 579.6        (1.242e+04%)
Al              = 19.874           +/- 3369         (1.695e+04%)

correlation matrix of the fit parameters:
                a      b      offset Al     
a               1.000 
b              -0.721  1.000 
offsetl        -0.707  1.000  1.000 
Al             -0.712  1.000  1.000  1.000 
