

*******************************************************************************
Tue Apr 23 16:22:40 2024


FIT:    data read from 'UR-4.csv' u ($1*1e-9):2
        format = x:z
        x range restricted to [9.18000 : 9.78000]
        #datapoints = 31
        residuals are weighted equally (unit weight)

function used for fitting: l(x)
	l(x) = Al / pi * (b / ((x - a)**2 + b**2)) - offsetl
fitted parameters initialized with current variable values

iter      chisq       delta/lim  lambda   a             b             offsetl       Al           
   0 5.5383076803e+03   0.00e+00  1.06e+02    9.480000e+00   5.000000e-01   4.000000e+01   3.500000e+01
  16 2.6130660222e+01   0.00e+00  1.06e+08    9.486299e+00   1.110731e-01   4.109227e+01   6.548646e+00

After 16 iterations the fit converged.
final sum of squares of residuals : 26.1307
rel. change during last iteration : 0

degrees of freedom    (FIT_NDF)                        : 27
rms of residuals      (FIT_STDFIT) = sqrt(WSSR/ndf)    : 0.983769
variance of residuals (reduced chisquare) = WSSR/ndf   : 0.967802

Final set of parameters            Asymptotic Standard Error
=======================            ==========================
a               = 9.4863           +/- 0.00281      (0.02962%)
b               = 0.111073         +/- 0.008157     (7.343%)
offsetl         = 41.0923          +/- 0.6201       (1.509%)
Al              = 6.54865          +/- 0.5856       (8.942%)

correlation matrix of the fit parameters:
                a      b      offset Al     
a               1.000 
b              -0.056  1.000 
offsetl        -0.030  0.855  1.000 
Al             -0.035  0.931  0.954  1.000 


*******************************************************************************
Fri Apr 26 06:46:40 2024


FIT:    data read from 'UR-4.csv' u ($1*1e-9):2
        format = x:z
        x range restricted to [9.18000 : 9.78000]
        #datapoints = 31
        residuals are weighted equally (unit weight)

function used for fitting: l(x)
	l(x) = Al / pi * (b / ((x - a)**2 + b**2)) - offsetl
fitted parameters initialized with current variable values

iter      chisq       delta/lim  lambda   a             b             offsetl       Al           
   0 5.5383076803e+03   0.00e+00  1.06e+02    9.480000e+00   5.000000e-01   4.000000e+01   3.500000e+01
  16 2.6130660222e+01   0.00e+00  1.06e+08    9.486299e+00   1.110731e-01   4.109227e+01   6.548646e+00

After 16 iterations the fit converged.
final sum of squares of residuals : 26.1307
rel. change during last iteration : 0

degrees of freedom    (FIT_NDF)                        : 27
rms of residuals      (FIT_STDFIT) = sqrt(WSSR/ndf)    : 0.983769
variance of residuals (reduced chisquare) = WSSR/ndf   : 0.967802

Final set of parameters            Asymptotic Standard Error
=======================            ==========================
a               = 9.4863           +/- 0.00281      (0.02962%)
b               = 0.111073         +/- 0.008157     (7.343%)
offsetl         = 41.0923          +/- 0.6201       (1.509%)
Al              = 6.54865          +/- 0.5856       (8.942%)

correlation matrix of the fit parameters:
                a      b      offset Al     
a               1.000 
b              -0.056  1.000 
offsetl        -0.030  0.855  1.000 
Al             -0.035  0.931  0.954  1.000 


*******************************************************************************
Fri Apr 26 06:47:52 2024


FIT:    data read from 'UR-4.csv' u ($1*1e-9):2
        format = x:z
        x range restricted to [9.18000 : 9.78000]
        #datapoints = 31
        residuals are weighted equally (unit weight)

function used for fitting: l(x)
	l(x) = Al / pi * (b / ((x - a)**2 + b**2)) - offsetl
fitted parameters initialized with current variable values

iter      chisq       delta/lim  lambda   a             b             offsetl       Al           
   0 5.5383076803e+03   0.00e+00  1.06e+02    9.480000e+00   5.000000e-01   4.000000e+01   3.500000e+01
  16 2.6130660222e+01   0.00e+00  1.06e+08    9.486299e+00   1.110731e-01   4.109227e+01   6.548646e+00

After 16 iterations the fit converged.
final sum of squares of residuals : 26.1307
rel. change during last iteration : 0

degrees of freedom    (FIT_NDF)                        : 27
rms of residuals      (FIT_STDFIT) = sqrt(WSSR/ndf)    : 0.983769
variance of residuals (reduced chisquare) = WSSR/ndf   : 0.967802

Final set of parameters            Asymptotic Standard Error
=======================            ==========================
a               = 9.4863           +/- 0.00281      (0.02962%)
b               = 0.111073         +/- 0.008157     (7.343%)
offsetl         = 41.0923          +/- 0.6201       (1.509%)
Al              = 6.54865          +/- 0.5856       (8.942%)

correlation matrix of the fit parameters:
                a      b      offset Al     
a               1.000 
b              -0.056  1.000 
offsetl        -0.030  0.855  1.000 
Al             -0.035  0.931  0.954  1.000 
