

*******************************************************************************
Tue Mar 26 03:24:59 2024


FIT:    data read from 'big-magnet.csv' u 1:2
        format = x:z
BREAK: No data to fit

*******************************************************************************
Tue Mar 26 03:27:06 2024


FIT:    data read from 'big-magnet.csv' u 1:2
        format = x:z
BREAK: No data to fit

*******************************************************************************
Tue Mar 26 03:28:01 2024


FIT:    data read from 'big-magnet.txt' u 1:2
        format = x:z
        #datapoints = 10
        residuals are weighted equally (unit weight)

function used for fitting: y(x)
	y(x) = m * x + c
fitted parameters initialized with current variable values

iter      chisq       delta/lim  lambda   m             c            
   0 7.0038865990e+05   0.00e+00  3.54e+01    1.000000e+00   5.000000e+01
   5 1.0017701364e+00  -2.61e-02  3.54e-04    2.905276e+01   2.898113e+02

After 5 iterations the fit converged.
final sum of squares of residuals : 1.00177
rel. change during last iteration : -2.61276e-07

degrees of freedom    (FIT_NDF)                        : 8
rms of residuals      (FIT_STDFIT) = sqrt(WSSR/ndf)    : 0.353866
variance of residuals (reduced chisquare) = WSSR/ndf   : 0.125221

Final set of parameters            Asymptotic Standard Error
=======================            ==========================
m               = 29.0528          +/- 0.1902       (0.6545%)
c               = 289.811          +/- 0.1993       (0.06875%)

correlation matrix of the fit parameters:
                m      c      
m               1.000 
c              -0.827  1.000 


*******************************************************************************
Tue Mar 26 03:28:28 2024


FIT:    data read from 'big-magnet.txt' u 1:2
        format = x:z
        #datapoints = 10
        residuals are weighted equally (unit weight)

function used for fitting: y(x)
	y(x) = m * x + c
fitted parameters initialized with current variable values

iter      chisq       delta/lim  lambda   m             c            
   0 7.0038865990e+05   0.00e+00  3.54e+01    1.000000e+00   5.000000e+01
   5 1.0017701364e+00  -2.61e-02  3.54e-04    2.905276e+01   2.898113e+02

After 5 iterations the fit converged.
final sum of squares of residuals : 1.00177
rel. change during last iteration : -2.61276e-07

degrees of freedom    (FIT_NDF)                        : 8
rms of residuals      (FIT_STDFIT) = sqrt(WSSR/ndf)    : 0.353866
variance of residuals (reduced chisquare) = WSSR/ndf   : 0.125221

Final set of parameters            Asymptotic Standard Error
=======================            ==========================
m               = 29.0528          +/- 0.1902       (0.6545%)
c               = 289.811          +/- 0.1993       (0.06875%)

correlation matrix of the fit parameters:
                m      c      
m               1.000 
c              -0.827  1.000 


*******************************************************************************
Tue Mar 26 06:46:37 2024


FIT:    data read from 'big-magnet.txt' u 1:2
        format = x:z
        #datapoints = 10
        residuals are weighted equally (unit weight)

function used for fitting: y(x)
	y(x) = m * x + c
fitted parameters initialized with current variable values

iter      chisq       delta/lim  lambda   m             c            
   0 7.0038865990e+05   0.00e+00  3.54e+01    1.000000e+00   5.000000e+01
   5 1.0017701364e+00  -2.61e-02  3.54e-04    2.905276e+01   2.898113e+02

After 5 iterations the fit converged.
final sum of squares of residuals : 1.00177
rel. change during last iteration : -2.61276e-07

degrees of freedom    (FIT_NDF)                        : 8
rms of residuals      (FIT_STDFIT) = sqrt(WSSR/ndf)    : 0.353866
variance of residuals (reduced chisquare) = WSSR/ndf   : 0.125221

Final set of parameters            Asymptotic Standard Error
=======================            ==========================
m               = 29.0528          +/- 0.1902       (0.6545%)
c               = 289.811          +/- 0.1993       (0.06875%)

correlation matrix of the fit parameters:
                m      c      
m               1.000 
c              -0.827  1.000 


*******************************************************************************
Tue Mar 26 06:46:51 2024


FIT:    data read from 'big-magnet.txt' u 1:2
        format = x:z
        #datapoints = 10
        residuals are weighted equally (unit weight)

function used for fitting: y(x)
	y(x) = m * x + c
fitted parameters initialized with current variable values

iter      chisq       delta/lim  lambda   m             c            
   0 7.0038865990e+05   0.00e+00  3.54e+01    1.000000e+00   5.000000e+01
   5 1.0017701364e+00  -2.61e-02  3.54e-04    2.905276e+01   2.898113e+02

After 5 iterations the fit converged.
final sum of squares of residuals : 1.00177
rel. change during last iteration : -2.61276e-07

degrees of freedom    (FIT_NDF)                        : 8
rms of residuals      (FIT_STDFIT) = sqrt(WSSR/ndf)    : 0.353866
variance of residuals (reduced chisquare) = WSSR/ndf   : 0.125221

Final set of parameters            Asymptotic Standard Error
=======================            ==========================
m               = 29.0528          +/- 0.1902       (0.6545%)
c               = 289.811          +/- 0.1993       (0.06875%)

correlation matrix of the fit parameters:
                m      c      
m               1.000 
c              -0.827  1.000 


*******************************************************************************
Tue Mar 26 06:47:40 2024


FIT:    data read from 'big-magnet.txt' u 1:2
        format = x:z
        #datapoints = 10
        residuals are weighted equally (unit weight)

function used for fitting: y(x)
	y(x) = m * x + c
fitted parameters initialized with current variable values

iter      chisq       delta/lim  lambda   m             c            
   0 7.0038865990e+05   0.00e+00  3.54e+01    1.000000e+00   5.000000e+01
   5 1.0017701364e+00  -2.61e-02  3.54e-04    2.905276e+01   2.898113e+02

After 5 iterations the fit converged.
final sum of squares of residuals : 1.00177
rel. change during last iteration : -2.61276e-07

degrees of freedom    (FIT_NDF)                        : 8
rms of residuals      (FIT_STDFIT) = sqrt(WSSR/ndf)    : 0.353866
variance of residuals (reduced chisquare) = WSSR/ndf   : 0.125221

Final set of parameters            Asymptotic Standard Error
=======================            ==========================
m               = 29.0528          +/- 0.1902       (0.6545%)
c               = 289.811          +/- 0.1993       (0.06875%)

correlation matrix of the fit parameters:
                m      c      
m               1.000 
c              -0.827  1.000 


*******************************************************************************
Tue Mar 26 07:27:40 2024


FIT:    data read from 'big-magnet.txt' u 1:2
        format = x:z
        #datapoints = 10
        residuals are weighted equally (unit weight)

function used for fitting: y(x)
	y(x) = m * x + c
fitted parameters initialized with current variable values

iter      chisq       delta/lim  lambda   m             c            
   0 7.0038865990e+05   0.00e+00  3.54e+01    1.000000e+00   5.000000e+01
   5 1.0017701364e+00  -2.61e-02  3.54e-04    2.905276e+01   2.898113e+02

After 5 iterations the fit converged.
final sum of squares of residuals : 1.00177
rel. change during last iteration : -2.61276e-07

degrees of freedom    (FIT_NDF)                        : 8
rms of residuals      (FIT_STDFIT) = sqrt(WSSR/ndf)    : 0.353866
variance of residuals (reduced chisquare) = WSSR/ndf   : 0.125221

Final set of parameters            Asymptotic Standard Error
=======================            ==========================
m               = 29.0528          +/- 0.1902       (0.6545%)
c               = 289.811          +/- 0.1993       (0.06875%)

correlation matrix of the fit parameters:
                m      c      
m               1.000 
c              -0.827  1.000 


*******************************************************************************
Tue Mar 26 07:27:52 2024


FIT:    data read from 'big-magnet.txt' u 1:2
        format = x:z
        #datapoints = 10
        residuals are weighted equally (unit weight)

function used for fitting: y(x)
	y(x) = m * x + c
fitted parameters initialized with current variable values

iter      chisq       delta/lim  lambda   m             c            
   0 7.0038865990e+05   0.00e+00  3.54e+01    1.000000e+00   5.000000e+01
   5 1.0017701364e+00  -2.61e-02  3.54e-04    2.905276e+01   2.898113e+02

After 5 iterations the fit converged.
final sum of squares of residuals : 1.00177
rel. change during last iteration : -2.61276e-07

degrees of freedom    (FIT_NDF)                        : 8
rms of residuals      (FIT_STDFIT) = sqrt(WSSR/ndf)    : 0.353866
variance of residuals (reduced chisquare) = WSSR/ndf   : 0.125221

Final set of parameters            Asymptotic Standard Error
=======================            ==========================
m               = 29.0528          +/- 0.1902       (0.6545%)
c               = 289.811          +/- 0.1993       (0.06875%)

correlation matrix of the fit parameters:
                m      c      
m               1.000 
c              -0.827  1.000 


*******************************************************************************
Tue Mar 26 07:29:06 2024


FIT:    data read from 'big-magnet.txt' u 1:2
        format = x:z
        #datapoints = 10
        residuals are weighted equally (unit weight)

function used for fitting: y(x)
	y(x) = m * x + c
fitted parameters initialized with current variable values

iter      chisq       delta/lim  lambda   m             c            
   0 7.0038865990e+05   0.00e+00  3.54e+01    1.000000e+00   5.000000e+01
   5 1.0017701364e+00  -2.61e-02  3.54e-04    2.905276e+01   2.898113e+02

After 5 iterations the fit converged.
final sum of squares of residuals : 1.00177
rel. change during last iteration : -2.61276e-07

degrees of freedom    (FIT_NDF)                        : 8
rms of residuals      (FIT_STDFIT) = sqrt(WSSR/ndf)    : 0.353866
variance of residuals (reduced chisquare) = WSSR/ndf   : 0.125221

Final set of parameters            Asymptotic Standard Error
=======================            ==========================
m               = 29.0528          +/- 0.1902       (0.6545%)
c               = 289.811          +/- 0.1993       (0.06875%)

correlation matrix of the fit parameters:
                m      c      
m               1.000 
c              -0.827  1.000 


*******************************************************************************
Tue Mar 26 07:29:19 2024


FIT:    data read from 'big-magnet.txt' u 1:2
        format = x:z
        #datapoints = 10
        residuals are weighted equally (unit weight)

function used for fitting: y(x)
	y(x) = m * x + c
fitted parameters initialized with current variable values

iter      chisq       delta/lim  lambda   m             c            
   0 7.0038865990e+05   0.00e+00  3.54e+01    1.000000e+00   5.000000e+01
   5 1.0017701364e+00  -2.61e-02  3.54e-04    2.905276e+01   2.898113e+02

After 5 iterations the fit converged.
final sum of squares of residuals : 1.00177
rel. change during last iteration : -2.61276e-07

degrees of freedom    (FIT_NDF)                        : 8
rms of residuals      (FIT_STDFIT) = sqrt(WSSR/ndf)    : 0.353866
variance of residuals (reduced chisquare) = WSSR/ndf   : 0.125221

Final set of parameters            Asymptotic Standard Error
=======================            ==========================
m               = 29.0528          +/- 0.1902       (0.6545%)
c               = 289.811          +/- 0.1993       (0.06875%)

correlation matrix of the fit parameters:
                m      c      
m               1.000 
c              -0.827  1.000 


*******************************************************************************
Thu Mar 28 17:14:45 2024


FIT:    data read from 'big-magnet.txt' u 1:2
        format = x:z
        #datapoints = 27
        residuals are weighted equally (unit weight)

function used for fitting: y(x)
	y(x) = m * x + c
fitted parameters initialized with current variable values

iter      chisq       delta/lim  lambda   m             c            
   0 1.1442972781e+06   0.00e+00  3.54e+01    1.000000e+00   5.000000e+01
   4 8.7619009146e+04  -1.75e-04  3.54e-03    9.607028e+00   2.229412e+02

After 4 iterations the fit converged.
final sum of squares of residuals : 87619
rel. change during last iteration : -1.74621e-09

degrees of freedom    (FIT_NDF)                        : 25
rms of residuals      (FIT_STDFIT) = sqrt(WSSR/ndf)    : 59.201
variance of residuals (reduced chisquare) = WSSR/ndf   : 3504.76

Final set of parameters            Asymptotic Standard Error
=======================            ==========================
m               = 9.60703          +/- 6.177        (64.29%)
c               = 222.941          +/- 20.8         (9.33%)

correlation matrix of the fit parameters:
                m      c      
m               1.000 
c              -0.837  1.000 


*******************************************************************************
Thu Mar 28 17:14:54 2024


FIT:    data read from 'big-magnet.txt' u 1:2
        format = x:z
        #datapoints = 27
        residuals are weighted equally (unit weight)

function used for fitting: y(x)
	y(x) = m * x + c
fitted parameters initialized with current variable values

iter      chisq       delta/lim  lambda   m             c            
   0 1.1442972781e+06   0.00e+00  3.54e+01    1.000000e+00   5.000000e+01
   4 8.7619009146e+04  -1.75e-04  3.54e-03    9.607028e+00   2.229412e+02

After 4 iterations the fit converged.
final sum of squares of residuals : 87619
rel. change during last iteration : -1.74621e-09

degrees of freedom    (FIT_NDF)                        : 25
rms of residuals      (FIT_STDFIT) = sqrt(WSSR/ndf)    : 59.201
variance of residuals (reduced chisquare) = WSSR/ndf   : 3504.76

Final set of parameters            Asymptotic Standard Error
=======================            ==========================
m               = 9.60703          +/- 6.177        (64.29%)
c               = 222.941          +/- 20.8         (9.33%)

correlation matrix of the fit parameters:
                m      c      
m               1.000 
c              -0.837  1.000 


*******************************************************************************
Thu Mar 28 17:17:15 2024


FIT:    data read from 'big-magnet.txt' u 1:2
        format = x:z
        #datapoints = 27
        residuals are weighted equally (unit weight)

function used for fitting: y(x)
	y(x) = m * x + c
fitted parameters initialized with current variable values

iter      chisq       delta/lim  lambda   m             c            
   0 1.1442972781e+06   0.00e+00  3.54e+01    1.000000e+00   5.000000e+01
   4 8.7619009146e+04  -1.75e-04  3.54e-03    9.607028e+00   2.229412e+02

After 4 iterations the fit converged.
final sum of squares of residuals : 87619
rel. change during last iteration : -1.74621e-09

degrees of freedom    (FIT_NDF)                        : 25
rms of residuals      (FIT_STDFIT) = sqrt(WSSR/ndf)    : 59.201
variance of residuals (reduced chisquare) = WSSR/ndf   : 3504.76

Final set of parameters            Asymptotic Standard Error
=======================            ==========================
m               = 9.60703          +/- 6.177        (64.29%)
c               = 222.941          +/- 20.8         (9.33%)

correlation matrix of the fit parameters:
                m      c      
m               1.000 
c              -0.837  1.000 


*******************************************************************************
Thu Mar 28 17:17:38 2024


FIT:    data read from 'big-magnet.txt' u 1:2
        format = x:z
        #datapoints = 27
        residuals are weighted equally (unit weight)

function used for fitting: y(x)
	y(x) = m * x + c
fitted parameters initialized with current variable values

iter      chisq       delta/lim  lambda   m             c            
   0 1.1442972781e+06   0.00e+00  3.54e+01    1.000000e+00   5.000000e+01
   4 8.7619009146e+04  -1.75e-04  3.54e-03    9.607028e+00   2.229412e+02

After 4 iterations the fit converged.
final sum of squares of residuals : 87619
rel. change during last iteration : -1.74621e-09

degrees of freedom    (FIT_NDF)                        : 25
rms of residuals      (FIT_STDFIT) = sqrt(WSSR/ndf)    : 59.201
variance of residuals (reduced chisquare) = WSSR/ndf   : 3504.76

Final set of parameters            Asymptotic Standard Error
=======================            ==========================
m               = 9.60703          +/- 6.177        (64.29%)
c               = 222.941          +/- 20.8         (9.33%)

correlation matrix of the fit parameters:
                m      c      
m               1.000 
c              -0.837  1.000 


*******************************************************************************
Thu Mar 28 17:46:40 2024


FIT:    data read from 'big-magnet.txt' u 1:2
        format = x:z
        #datapoints = 27
        residuals are weighted equally (unit weight)

function used for fitting: y(x)
	y(x) = m * x + c
fitted parameters initialized with current variable values

iter      chisq       delta/lim  lambda   m             c            
   0 1.1442972781e+06   0.00e+00  3.54e+01    1.000000e+00   5.000000e+01
   4 8.7619009146e+04  -1.75e-04  3.54e-03    9.607028e+00   2.229412e+02

After 4 iterations the fit converged.
final sum of squares of residuals : 87619
rel. change during last iteration : -1.74621e-09

degrees of freedom    (FIT_NDF)                        : 25
rms of residuals      (FIT_STDFIT) = sqrt(WSSR/ndf)    : 59.201
variance of residuals (reduced chisquare) = WSSR/ndf   : 3504.76

Final set of parameters            Asymptotic Standard Error
=======================            ==========================
m               = 9.60703          +/- 6.177        (64.29%)
c               = 222.941          +/- 20.8         (9.33%)

correlation matrix of the fit parameters:
                m      c      
m               1.000 
c              -0.837  1.000 


*******************************************************************************
Thu Mar 28 20:53:36 2024


FIT:    data read from 'big-magnet.txt' u 1:2
        format = x:z
        #datapoints = 27
        residuals are weighted equally (unit weight)

function used for fitting: y(x)
	y(x) = m * x + c
fitted parameters initialized with current variable values

iter      chisq       delta/lim  lambda   m             c            
   0 1.1442972781e+06   0.00e+00  3.54e+01    1.000000e+00   5.000000e+01
   4 8.7619009146e+04  -1.75e-04  3.54e-03    9.607028e+00   2.229412e+02

After 4 iterations the fit converged.
final sum of squares of residuals : 87619
rel. change during last iteration : -1.74621e-09

degrees of freedom    (FIT_NDF)                        : 25
rms of residuals      (FIT_STDFIT) = sqrt(WSSR/ndf)    : 59.201
variance of residuals (reduced chisquare) = WSSR/ndf   : 3504.76

Final set of parameters            Asymptotic Standard Error
=======================            ==========================
m               = 9.60703          +/- 6.177        (64.29%)
c               = 222.941          +/- 20.8         (9.33%)

correlation matrix of the fit parameters:
                m      c      
m               1.000 
c              -0.837  1.000 


*******************************************************************************
Thu Mar 28 20:54:31 2024


FIT:    data read from 'big-magnet.txt' u 1:2
        format = x:z
        #datapoints = 27
        residuals are weighted equally (unit weight)

function used for fitting: y(x)
	y(x) = m * x + c
fitted parameters initialized with current variable values

iter      chisq       delta/lim  lambda   m             c            
   0 1.1442972781e+06   0.00e+00  3.54e+01    1.000000e+00   5.000000e+01
   4 8.7619009146e+04  -1.75e-04  3.54e-03    9.607028e+00   2.229412e+02

After 4 iterations the fit converged.
final sum of squares of residuals : 87619
rel. change during last iteration : -1.74621e-09

degrees of freedom    (FIT_NDF)                        : 25
rms of residuals      (FIT_STDFIT) = sqrt(WSSR/ndf)    : 59.201
variance of residuals (reduced chisquare) = WSSR/ndf   : 3504.76

Final set of parameters            Asymptotic Standard Error
=======================            ==========================
m               = 9.60703          +/- 6.177        (64.29%)
c               = 222.941          +/- 20.8         (9.33%)

correlation matrix of the fit parameters:
                m      c      
m               1.000 
c              -0.837  1.000 


*******************************************************************************
Thu Mar 28 20:55:19 2024


FIT:    data read from 'big-magnet.txt' u 1:2
        format = x:z
        #datapoints = 27
        residuals are weighted equally (unit weight)

function used for fitting: y(x)
	y(x) = m * x + c
fitted parameters initialized with current variable values

iter      chisq       delta/lim  lambda   m             c            
   0 1.1442972781e+06   0.00e+00  3.54e+01    1.000000e+00   5.000000e+01
   4 8.7619009146e+04  -1.75e-04  3.54e-03    9.607028e+00   2.229412e+02

After 4 iterations the fit converged.
final sum of squares of residuals : 87619
rel. change during last iteration : -1.74621e-09

degrees of freedom    (FIT_NDF)                        : 25
rms of residuals      (FIT_STDFIT) = sqrt(WSSR/ndf)    : 59.201
variance of residuals (reduced chisquare) = WSSR/ndf   : 3504.76

Final set of parameters            Asymptotic Standard Error
=======================            ==========================
m               = 9.60703          +/- 6.177        (64.29%)
c               = 222.941          +/- 20.8         (9.33%)

correlation matrix of the fit parameters:
                m      c      
m               1.000 
c              -0.837  1.000 


*******************************************************************************
Thu Mar 28 20:56:04 2024


FIT:    data read from 'big-magnet.txt' u 1:2
        format = x:z
        #datapoints = 27
        residuals are weighted equally (unit weight)

function used for fitting: y(x)
	y(x) = m * x + c
fitted parameters initialized with current variable values

iter      chisq       delta/lim  lambda   m             c            
   0 1.1442972781e+06   0.00e+00  3.54e+01    1.000000e+00   5.000000e+01
   4 8.7619009146e+04  -1.75e-04  3.54e-03    9.607028e+00   2.229412e+02

After 4 iterations the fit converged.
final sum of squares of residuals : 87619
rel. change during last iteration : -1.74621e-09

degrees of freedom    (FIT_NDF)                        : 25
rms of residuals      (FIT_STDFIT) = sqrt(WSSR/ndf)    : 59.201
variance of residuals (reduced chisquare) = WSSR/ndf   : 3504.76

Final set of parameters            Asymptotic Standard Error
=======================            ==========================
m               = 9.60703          +/- 6.177        (64.29%)
c               = 222.941          +/- 20.8         (9.33%)

correlation matrix of the fit parameters:
                m      c      
m               1.000 
c              -0.837  1.000 


*******************************************************************************
Thu Mar 28 20:57:03 2024


FIT:    data read from 'big-magnet.txt' u 1:2
        format = x:z
        #datapoints = 27
        residuals are weighted equally (unit weight)

function used for fitting: y(x)
	y(x) = m * x + c
fitted parameters initialized with current variable values

iter      chisq       delta/lim  lambda   m             c            
   0 1.1442972781e+06   0.00e+00  3.54e+01    1.000000e+00   5.000000e+01
   4 8.7619009146e+04  -1.75e-04  3.54e-03    9.607028e+00   2.229412e+02

After 4 iterations the fit converged.
final sum of squares of residuals : 87619
rel. change during last iteration : -1.74621e-09

degrees of freedom    (FIT_NDF)                        : 25
rms of residuals      (FIT_STDFIT) = sqrt(WSSR/ndf)    : 59.201
variance of residuals (reduced chisquare) = WSSR/ndf   : 3504.76

Final set of parameters            Asymptotic Standard Error
=======================            ==========================
m               = 9.60703          +/- 6.177        (64.29%)
c               = 222.941          +/- 20.8         (9.33%)

correlation matrix of the fit parameters:
                m      c      
m               1.000 
c              -0.837  1.000 


*******************************************************************************
Thu Mar 28 20:58:01 2024


FIT:    data read from 'big-magnet.txt' u 1:2
        format = x:z
        #datapoints = 27
        residuals are weighted equally (unit weight)

function used for fitting: y(x)
	y(x) = m * x + c
fitted parameters initialized with current variable values

iter      chisq       delta/lim  lambda   m             c            
   0 1.1442972781e+06   0.00e+00  3.54e+01    1.000000e+00   5.000000e+01
   4 8.7619009146e+04  -1.75e-04  3.54e-03    9.607028e+00   2.229412e+02

After 4 iterations the fit converged.
final sum of squares of residuals : 87619
rel. change during last iteration : -1.74621e-09

degrees of freedom    (FIT_NDF)                        : 25
rms of residuals      (FIT_STDFIT) = sqrt(WSSR/ndf)    : 59.201
variance of residuals (reduced chisquare) = WSSR/ndf   : 3504.76

Final set of parameters            Asymptotic Standard Error
=======================            ==========================
m               = 9.60703          +/- 6.177        (64.29%)
c               = 222.941          +/- 20.8         (9.33%)

correlation matrix of the fit parameters:
                m      c      
m               1.000 
c              -0.837  1.000 


*******************************************************************************
Thu Mar 28 20:59:18 2024


FIT:    data read from 'big-magnet.txt' u 1:2
        format = x:z
        #datapoints = 27
        residuals are weighted equally (unit weight)

function used for fitting: y(x)
	y(x) = m * x + c
fitted parameters initialized with current variable values

iter      chisq       delta/lim  lambda   m             c            
   0 1.2203212308e+05   0.00e+00  1.66e+02    1.971309e+01   2.249163e+02
   3 8.7619009146e+04  -1.25e-01  1.66e-01    9.607031e+00   2.229412e+02

After 3 iterations the fit converged.
final sum of squares of residuals : 87619
rel. change during last iteration : -1.2533e-06

degrees of freedom    (FIT_NDF)                        : 25
rms of residuals      (FIT_STDFIT) = sqrt(WSSR/ndf)    : 59.201
variance of residuals (reduced chisquare) = WSSR/ndf   : 3504.76

Final set of parameters            Asymptotic Standard Error
=======================            ==========================
m               = 9.60703          +/- 6.177        (64.29%)
c               = 222.941          +/- 20.8         (9.33%)

correlation matrix of the fit parameters:
                m      c      
m               1.000 
c              -0.837  1.000 


*******************************************************************************
Thu Mar 28 21:00:17 2024


FIT:    data read from 'big-magnet.txt' u 1:2
        format = x:z
        #datapoints = 27
        residuals are weighted equally (unit weight)

function used for fitting: y(x)
	y(x) = m * x + c
fitted parameters initialized with current variable values

iter      chisq       delta/lim  lambda   m             c            
   0 9.4121278825e+03   0.00e+00  1.66e+02    1.971309e+01   2.249163e+02
   4 2.4232437514e+01  -1.31e-08  1.66e-02    1.995729e+01   2.055870e+02

After 4 iterations the fit converged.
final sum of squares of residuals : 24.2324
rel. change during last iteration : -1.31069e-13

degrees of freedom    (FIT_NDF)                        : 25
rms of residuals      (FIT_STDFIT) = sqrt(WSSR/ndf)    : 0.984529
variance of residuals (reduced chisquare) = WSSR/ndf   : 0.969298

Final set of parameters            Asymptotic Standard Error
=======================            ==========================
m               = 19.9573          +/- 0.1027       (0.5147%)
c               = 205.587          +/- 0.3459       (0.1683%)

correlation matrix of the fit parameters:
                m      c      
m               1.000 
c              -0.837  1.000 
