

*******************************************************************************
Thu Mar 28 17:15:13 2024


FIT:    data read from 'U-4(magnet).csv' u ($1*1e-9):2
        format = x:z
        x range restricted to [9.44700 : 9.47700]
        #datapoints = 31
        residuals are weighted equally (unit weight)

function used for fitting: l(x)
	l(x) = Al / pi * (b / ((x - a)**2 + b**2)) - offsetl
fitted parameters initialized with current variable values

iter      chisq       delta/lim  lambda   a             b             offsetl       Al           
   0 1.8167713724e+01   0.00e+00  2.68e+01    9.462000e+00   5.000000e-01   4.000000e+01   3.500000e+01
 687 4.3860735271e+00  -4.09e-01  2.68e-01    9.460575e+00   7.746522e-02   7.199552e+01   1.340000e+01

After 687 iterations the fit converged.
final sum of squares of residuals : 4.38607
rel. change during last iteration : -4.08768e-06

degrees of freedom    (FIT_NDF)                        : 27
rms of residuals      (FIT_STDFIT) = sqrt(WSSR/ndf)    : 0.403047
variance of residuals (reduced chisquare) = WSSR/ndf   : 0.162447

Final set of parameters            Asymptotic Standard Error
=======================            ==========================
a               = 9.46058          +/- 0.0005281    (0.005582%)
b               = 0.0774652        +/- 0.372        (480.2%)
offsetl         = 71.9955          +/- 509.3        (707.4%)
Al              = 13.4             +/- 188.2        (1404%)

correlation matrix of the fit parameters:
                a      b      offset Al     
a               1.000 
b               0.305  1.000 
offsetl         0.309  1.000  1.000 
Al              0.308  1.000  1.000  1.000 


*******************************************************************************
Thu Mar 28 20:50:56 2024


FIT:    data read from 'U-4(magnet).csv' u ($1*1e-9):2
        format = x:z
        x range restricted to [9.41200 : 9.51200]
        #datapoints = 101
        residuals are weighted equally (unit weight)

function used for fitting: l(x)
	l(x) = Al / pi * (b / ((x - a)**2 + b**2)) - offsetl
fitted parameters initialized with current variable values

iter      chisq       delta/lim  lambda   a             b             offsetl       Al           
   0 5.7150742400e+02   0.00e+00  3.53e+01    9.462000e+00   5.000000e-01   4.000000e+01   3.500000e+01
 630 5.8804402905e+01  -7.06e-01  3.53e-15    9.459026e+00   2.282964e-02   2.226696e+01   3.709502e-01

After 630 iterations the fit converged.
final sum of squares of residuals : 58.8044
rel. change during last iteration : -7.06102e-06

degrees of freedom    (FIT_NDF)                        : 97
rms of residuals      (FIT_STDFIT) = sqrt(WSSR/ndf)    : 0.778608
variance of residuals (reduced chisquare) = WSSR/ndf   : 0.606231

Final set of parameters            Asymptotic Standard Error
=======================            ==========================
a               = 9.45903          +/- 0.0008913    (0.009423%)
b               = 0.0228296        +/- 0.003002     (13.15%)
offsetl         = 22.267           +/- 0.3753       (1.685%)
Al              = 0.37095          +/- 0.06576      (17.73%)

correlation matrix of the fit parameters:
                a      b      offset Al     
a               1.000 
b              -0.174  1.000 
offsetl        -0.041  0.891  1.000 
Al             -0.073  0.947  0.974  1.000 


*******************************************************************************
Thu Mar 28 20:51:41 2024


FIT:    data read from 'U-4(magnet).csv' u ($1*1e-9):2
        format = x:z
        x range restricted to [9.43200 : 9.49200]
        #datapoints = 61
        residuals are weighted equally (unit weight)

function used for fitting: l(x)
	l(x) = Al / pi * (b / ((x - a)**2 + b**2)) - offsetl
fitted parameters initialized with current variable values

iter      chisq       delta/lim  lambda   a             b             offsetl       Al           
   0 1.7914156956e+02   0.00e+00  2.97e+01    9.462000e+00   5.000000e-01   4.000000e+01   3.500000e+01
 647 1.2593437796e+01   0.00e+00  2.97e+08    9.460335e+00   1.614021e-02   2.163639e+01   2.486302e-01

After 647 iterations the fit converged.
final sum of squares of residuals : 12.5934
rel. change during last iteration : 0

degrees of freedom    (FIT_NDF)                        : 57
rms of residuals      (FIT_STDFIT) = sqrt(WSSR/ndf)    : 0.47004
variance of residuals (reduced chisquare) = WSSR/ndf   : 0.220938

Final set of parameters            Asymptotic Standard Error
=======================            ==========================
a               = 9.46033          +/- 0.0005222    (0.005519%)
b               = 0.0161402        +/- 0.001955     (12.11%)
offsetl         = 21.6364          +/- 0.3806       (1.759%)
Al              = 0.24863          +/- 0.04406      (17.72%)

correlation matrix of the fit parameters:
                a      b      offset Al     
a               1.000 
b              -0.180  1.000 
offsetl        -0.011  0.911  1.000 
Al             -0.050  0.956  0.983  1.000 
