

*******************************************************************************
Sun May 12 14:00:12 2024


FIT:    data read from 'UR-4.csv' u ($1*1e-9):2
        format = x:z
        x range restricted to [9.48000 : 9.68000]
        #datapoints = 21
        residuals are weighted equally (unit weight)

function used for fitting: l(x)
	l(x) = Al / pi * (b / ((x - a)**2 + b**2)) - offsetl
fitted parameters initialized with current variable values

iter      chisq       delta/lim  lambda   a             b             offsetl       Al           
   0 1.4408485427e+03   0.00e+00  5.53e+01    9.580000e+00   5.000000e-01   4.000000e+01   3.500000e+01
  48 1.0631806259e+01  -6.95e-01  5.53e-07    9.573264e+00   7.835053e-02   2.088574e+01   3.747904e+00

After 48 iterations the fit converged.
final sum of squares of residuals : 10.6318
rel. change during last iteration : -6.95479e-06

degrees of freedom    (FIT_NDF)                        : 17
rms of residuals      (FIT_STDFIT) = sqrt(WSSR/ndf)    : 0.790823
variance of residuals (reduced chisquare) = WSSR/ndf   : 0.6254

Final set of parameters            Asymptotic Standard Error
=======================            ==========================
a               = 9.57326          +/- 0.001793     (0.01873%)
b               = 0.0783505        +/- 0.01265      (16.15%)
offsetl         = 20.8857          +/- 2.207        (10.57%)
Al              = 3.7479           +/- 1.086        (28.96%)

correlation matrix of the fit parameters:
                a      b      offset Al     
a               1.000 
b               0.039  1.000 
offsetl         0.081  0.963  1.000 
Al              0.069  0.982  0.994  1.000 


*******************************************************************************
Sun May 12 15:47:56 2024


FIT:    data read from 'UR-4.csv' u ($1*1e-9):2
        format = x:z
        x range restricted to [9.65700 : 9.67700]
        #datapoints = 21
        residuals are weighted equally (unit weight)

function used for fitting: l(x)
	l(x) = Al / pi * (b / ((x - a)**2 + b**2)) - offsetl
fitted parameters initialized with current variable values

iter      chisq       delta/lim  lambda   a             b             offsetl       Al           
   0 2.7130155283e+03   0.00e+00  2.63e+01    9.667000e+00   5.000000e-01   4.000000e+01   3.500000e+01
 370 1.4656045649e+00  -5.87e-01  2.63e-02    9.671988e+00   1.015487e-01   6.923575e+01   2.017568e+01

After 370 iterations the fit converged.
final sum of squares of residuals : 1.4656
rel. change during last iteration : -5.87412e-06

degrees of freedom    (FIT_NDF)                        : 17
rms of residuals      (FIT_STDFIT) = sqrt(WSSR/ndf)    : 0.293619
variance of residuals (reduced chisquare) = WSSR/ndf   : 0.086212

Final set of parameters            Asymptotic Standard Error
=======================            ==========================
a               = 9.67199          +/- 0.002071     (0.02141%)
b               = 0.101549         +/- 1.615        (1591%)
offsetl         = 69.2357          +/- 1961         (2833%)
Al              = 20.1757          +/- 946.2        (4690%)

correlation matrix of the fit parameters:
                a      b      offset Al     
a               1.000 
b               0.447  1.000 
offsetl         0.439  1.000  1.000 
Al              0.442  1.000  1.000  1.000 


*******************************************************************************
Mon May 13 19:07:04 2024


FIT:    data read from 'UR-4.csv' u ($1*1e-9):2
        format = x:z
        x range restricted to [9.54000 : 9.64000]
        #datapoints = 21
        residuals are weighted equally (unit weight)

function used for fitting: l(x)
	l(x) = Al / pi * (b / ((x - a)**2 + b**2)) - offsetl
fitted parameters initialized with current variable values

iter      chisq       delta/lim  lambda   a             b             offsetl       Al           
   0 1.5691837518e+03   0.00e+00  3.62e+01    9.590000e+00   5.000000e-01   4.000000e+01   3.500000e+01
 395 4.4743398655e+00  -8.20e-01  3.62e-06    9.591302e+00   4.548174e-02   1.651444e+01   1.380624e+00

After 395 iterations the fit converged.
final sum of squares of residuals : 4.47434
rel. change during last iteration : -8.1997e-06

degrees of freedom    (FIT_NDF)                        : 17
rms of residuals      (FIT_STDFIT) = sqrt(WSSR/ndf)    : 0.513027
variance of residuals (reduced chisquare) = WSSR/ndf   : 0.263196

Final set of parameters            Asymptotic Standard Error
=======================            ==========================
a               = 9.5913           +/- 0.001045     (0.0109%)
b               = 0.0454817        +/- 0.009909     (21.79%)
offsetl         = 16.5144          +/- 2.153        (13.03%)
Al              = 1.38062          +/- 0.5845       (42.33%)

correlation matrix of the fit parameters:
                a      b      offset Al     
a               1.000 
b              -0.103  1.000 
offsetl        -0.078  0.976  1.000 
Al             -0.082  0.989  0.997  1.000 


*******************************************************************************
Tue May 14 11:45:03 2024


FIT:    data read from 'UR-4.csv' u ($1*1e-9):2
        format = x:z
        x range restricted to [9.61000 : 9.65000]
        #datapoints = 21
        residuals are weighted equally (unit weight)

function used for fitting: l(x)
	l(x) = Al / pi * (b / ((x - a)**2 + b**2)) - offsetl
fitted parameters initialized with current variable values

iter      chisq       delta/lim  lambda   a             b             offsetl       Al           
   0 1.0241812175e+03   0.00e+00  2.78e+01    9.630000e+00   5.000000e-01   4.000000e+01   3.500000e+01
 376 1.9593925598e+00  -5.46e-01  2.78e-01    9.623213e+00   1.109328e-01   6.734334e+01   2.000310e+01

After 376 iterations the fit converged.
final sum of squares of residuals : 1.95939
rel. change during last iteration : -5.45692e-06

degrees of freedom    (FIT_NDF)                        : 17
rms of residuals      (FIT_STDFIT) = sqrt(WSSR/ndf)    : 0.339497
variance of residuals (reduced chisquare) = WSSR/ndf   : 0.115258

Final set of parameters            Asymptotic Standard Error
=======================            ==========================
a               = 9.62321          +/- 0.001096     (0.01139%)
b               = 0.110933         +/- 0.3029       (273%)
offsetl         = 67.3433          +/- 297.2        (441.3%)
Al              = 20.0031          +/- 158.1        (790.3%)

correlation matrix of the fit parameters:
                a      b      offset Al     
a               1.000 
b              -0.082  1.000 
offsetl        -0.063  1.000  1.000 
Al             -0.070  1.000  1.000  1.000 


*******************************************************************************
Tue May 14 11:45:31 2024


FIT:    data read from 'UR-4.csv' u ($1*1e-9):2
        format = x:z
        x range restricted to [9.55000 : 9.71000]
        #datapoints = 81
        residuals are weighted equally (unit weight)

function used for fitting: l(x)
	l(x) = Al / pi * (b / ((x - a)**2 + b**2)) - offsetl
fitted parameters initialized with current variable values

iter      chisq       delta/lim  lambda   a             b             offsetl       Al           
   0 2.2490608875e+03   0.00e+00  4.66e+01    9.630000e+00   5.000000e-01   4.000000e+01   3.500000e+01
 449 1.8033233904e+01  -3.89e-01  4.66e-03    9.615853e+00   7.329251e-02   2.156502e+01   2.614872e+00

After 449 iterations the fit converged.
final sum of squares of residuals : 18.0332
rel. change during last iteration : -3.88672e-06

degrees of freedom    (FIT_NDF)                        : 77
rms of residuals      (FIT_STDFIT) = sqrt(WSSR/ndf)    : 0.48394
variance of residuals (reduced chisquare) = WSSR/ndf   : 0.234198

Final set of parameters            Asymptotic Standard Error
=======================            ==========================
a               = 9.61585          +/- 0.0007183    (0.00747%)
b               = 0.0732925        +/- 0.005555     (7.579%)
offsetl         = 21.565           +/- 0.8687       (4.028%)
Al              = 2.61487          +/- 0.3812       (14.58%)

correlation matrix of the fit parameters:
                a      b      offset Al     
a               1.000 
b               0.126  1.000 
offsetl         0.213  0.963  1.000 
Al              0.184  0.983  0.995  1.000 


*******************************************************************************
Sat May 18 18:43:33 2024


FIT:    data read from 'UR-4.csv' u ($1*1e-9):2
        format = x:z
        x range restricted to [9.55000 : 9.71000]
        #datapoints = 81
        residuals are weighted equally (unit weight)

function used for fitting: l(x)
	l(x) = Al / pi * (b / ((x - a)**2 + b**2)) - offsetl
fitted parameters initialized with current variable values

iter      chisq       delta/lim  lambda   a             b             offsetl       Al           
   0 2.2490608875e+03   0.00e+00  4.66e+01    9.630000e+00   5.000000e-01   4.000000e+01   3.500000e+01
 449 1.8033233904e+01  -3.89e-01  4.66e-03    9.615853e+00   7.329251e-02   2.156502e+01   2.614872e+00

After 449 iterations the fit converged.
final sum of squares of residuals : 18.0332
rel. change during last iteration : -3.88672e-06

degrees of freedom    (FIT_NDF)                        : 77
rms of residuals      (FIT_STDFIT) = sqrt(WSSR/ndf)    : 0.48394
variance of residuals (reduced chisquare) = WSSR/ndf   : 0.234198

Final set of parameters            Asymptotic Standard Error
=======================            ==========================
a               = 9.61585          +/- 0.0007183    (0.00747%)
b               = 0.0732925        +/- 0.005555     (7.579%)
offsetl         = 21.565           +/- 0.8687       (4.028%)
Al              = 2.61487          +/- 0.3812       (14.58%)

correlation matrix of the fit parameters:
                a      b      offset Al     
a               1.000 
b               0.126  1.000 
offsetl         0.213  0.963  1.000 
Al              0.184  0.983  0.995  1.000 


*******************************************************************************
Sat May 18 18:44:18 2024


FIT:    data read from 'UR-4.csv' u ($1*1e-9):2
        format = x:z
        x range restricted to [9.55000 : 9.71000]
        #datapoints = 81
        residuals are weighted equally (unit weight)

function used for fitting: l(x)
	l(x) = Al / pi * (b / ((x - a)**2 + b**2)) - offsetl
fitted parameters initialized with current variable values

iter      chisq       delta/lim  lambda   a             b             offsetl       Al           
   0 2.2490608875e+03   0.00e+00  4.66e+01    9.630000e+00   5.000000e-01   4.000000e+01   3.500000e+01
 449 1.8033233904e+01  -3.89e-01  4.66e-03    9.615853e+00   7.329251e-02   2.156502e+01   2.614872e+00

After 449 iterations the fit converged.
final sum of squares of residuals : 18.0332
rel. change during last iteration : -3.88672e-06

degrees of freedom    (FIT_NDF)                        : 77
rms of residuals      (FIT_STDFIT) = sqrt(WSSR/ndf)    : 0.48394
variance of residuals (reduced chisquare) = WSSR/ndf   : 0.234198

Final set of parameters            Asymptotic Standard Error
=======================            ==========================
a               = 9.61585          +/- 0.0007183    (0.00747%)
b               = 0.0732925        +/- 0.005555     (7.579%)
offsetl         = 21.565           +/- 0.8687       (4.028%)
Al              = 2.61487          +/- 0.3812       (14.58%)

correlation matrix of the fit parameters:
                a      b      offset Al     
a               1.000 
b               0.126  1.000 
offsetl         0.213  0.963  1.000 
Al              0.184  0.983  0.995  1.000 


*******************************************************************************
Sat May 18 18:45:06 2024


FIT:    data read from 'UR-4.csv' u ($1*1e-9):2
        format = x:z
        x range restricted to [9.55000 : 9.71000]
        #datapoints = 81
        residuals are weighted equally (unit weight)

function used for fitting: l(x)
	l(x) = Al / pi * (b / ((x - a)**2 + b**2)) - offsetl
fitted parameters initialized with current variable values

iter      chisq       delta/lim  lambda   a             b             offsetl       Al           
   0 2.2490608875e+03   0.00e+00  4.66e+01    9.630000e+00   5.000000e-01   4.000000e+01   3.500000e+01
 449 1.8033233904e+01  -3.89e-01  4.66e-03    9.615853e+00   7.329251e-02   2.156502e+01   2.614872e+00

After 449 iterations the fit converged.
final sum of squares of residuals : 18.0332
rel. change during last iteration : -3.88672e-06

degrees of freedom    (FIT_NDF)                        : 77
rms of residuals      (FIT_STDFIT) = sqrt(WSSR/ndf)    : 0.48394
variance of residuals (reduced chisquare) = WSSR/ndf   : 0.234198

Final set of parameters            Asymptotic Standard Error
=======================            ==========================
a               = 9.61585          +/- 0.0007183    (0.00747%)
b               = 0.0732925        +/- 0.005555     (7.579%)
offsetl         = 21.565           +/- 0.8687       (4.028%)
Al              = 2.61487          +/- 0.3812       (14.58%)

correlation matrix of the fit parameters:
                a      b      offset Al     
a               1.000 
b               0.126  1.000 
offsetl         0.213  0.963  1.000 
Al              0.184  0.983  0.995  1.000 


*******************************************************************************
Sun May 19 17:59:14 2024


FIT:    data read from 'UR-4.csv' u ($1*1e-9):2
        format = x:z
        x range restricted to [9.57100 : 9.61100]
        #datapoints = 81
        residuals are weighted equally (unit weight)

function used for fitting: l(x)
	l(x) = Al / pi * (b / ((x - a)**2 + b**2)) - offsetl
fitted parameters initialized with current variable values

iter      chisq       delta/lim  lambda   a             b             offsetl       Al           
   0 6.1807591382e+01   0.00e+00  2.76e+01    9.591000e+00   5.000000e-01   4.000000e+01   3.500000e+01
 191 1.3875801743e+00  -1.52e-01  2.76e-02    9.594791e+00   9.792643e-02   7.410662e+01   1.765523e+01

After 191 iterations the fit converged.
final sum of squares of residuals : 1.38758
rel. change during last iteration : -1.51869e-06

degrees of freedom    (FIT_NDF)                        : 77
rms of residuals      (FIT_STDFIT) = sqrt(WSSR/ndf)    : 0.134241
variance of residuals (reduced chisquare) = WSSR/ndf   : 0.0180205

Final set of parameters            Asymptotic Standard Error
=======================            ==========================
a               = 9.59479          +/- 0.0001438    (0.001499%)
b               = 0.0979264        +/- 0.05695      (58.16%)
offsetl         = 74.1066          +/- 63.71        (85.97%)
Al              = 17.6552          +/- 29.85        (169.1%)

correlation matrix of the fit parameters:
                a      b      offset Al     
a               1.000 
b              -0.249  1.000 
offsetl        -0.258  1.000  1.000 
Al             -0.255  1.000  1.000  1.000 
