

*******************************************************************************
Wed May 08 00:30:57 2024


FIT:    data read from '3.71A.csv' u 1:2
        format = x:z
        x range restricted to [9.80000 : 9.81000]
        #datapoints = 11
        residuals are weighted equally (unit weight)

function used for fitting: l(x)
	l(x) = Al / pi * (b / ((x - a)**2 + b**2)) - offsetl
fitted parameters initialized with current variable values

iter      chisq       delta/lim  lambda   a             b             offsetl       Al           
   0 1.4701832070e-01   0.00e+00  3.83e+02    9.787000e+00   2.663897e-03  -3.901690e-03   4.104299e-02
 157 3.7974119181e-03  -9.94e-01  3.83e-05    9.346538e+00   1.091254e-01   2.241885e-01   1.517205e+00

After 157 iterations the fit converged.
final sum of squares of residuals : 0.00379741
rel. change during last iteration : -9.94233e-06

degrees of freedom    (FIT_NDF)                        : 7
rms of residuals      (FIT_STDFIT) = sqrt(WSSR/ndf)    : 0.0232914
variance of residuals (reduced chisquare) = WSSR/ndf   : 0.000542487

Final set of parameters            Asymptotic Standard Error
=======================            ==========================
a               = 9.34654          +/- 5.666e+04    (6.062e+05%)
b               = 0.109125         +/- 8.492e+04    (7.782e+07%)
offsetl         = 0.224188         +/- 7861         (3.507e+06%)
Al              = 1.5172           +/- 1.469e+06    (9.684e+07%)

correlation matrix of the fit parameters:
                a      b      offset Al     
a               1.000 
b               1.000  1.000 
offsetl        -1.000 -1.000  1.000 
Al             -1.000 -1.000  1.000  1.000 


*******************************************************************************
Wed May 08 00:31:45 2024


FIT:    data read from '3.71A.csv' u 1:2
        format = x:z
        x range restricted to [9.80000 : 9.81000]
        #datapoints = 11
        residuals are weighted equally (unit weight)

function used for fitting: l(x)
	l(x) = Al / pi * (b / ((x - a)**2 + b**2)) - offsetl
fitted parameters initialized with current variable values

iter      chisq       delta/lim  lambda   a             b             offsetl       Al           
   0 1.4701832070e-01   0.00e+00  3.83e+02    9.787000e+00   2.663897e-03  -3.901690e-03   4.104299e-02
 157 3.7974119181e-03  -9.94e-01  3.83e-05    9.346538e+00   1.091254e-01   2.241885e-01   1.517205e+00

After 157 iterations the fit converged.
final sum of squares of residuals : 0.00379741
rel. change during last iteration : -9.94233e-06

degrees of freedom    (FIT_NDF)                        : 7
rms of residuals      (FIT_STDFIT) = sqrt(WSSR/ndf)    : 0.0232914
variance of residuals (reduced chisquare) = WSSR/ndf   : 0.000542487

Final set of parameters            Asymptotic Standard Error
=======================            ==========================
a               = 9.34654          +/- 5.666e+04    (6.062e+05%)
b               = 0.109125         +/- 8.492e+04    (7.782e+07%)
offsetl         = 0.224188         +/- 7861         (3.507e+06%)
Al              = 1.5172           +/- 1.469e+06    (9.684e+07%)

correlation matrix of the fit parameters:
                a      b      offset Al     
a               1.000 
b               1.000  1.000 
offsetl        -1.000 -1.000  1.000 
Al             -1.000 -1.000  1.000  1.000 


*******************************************************************************
Wed May 08 00:33:09 2024


FIT:    data read from '3.71A.csv' u 1:2
        format = x:z
        x range restricted to [9.80000 : 9.81000]
        #datapoints = 11
        residuals are weighted equally (unit weight)

function used for fitting: l(x)
	l(x) = Al / pi * (b / ((x - a)**2 + b**2)) - offsetl
fitted parameters initialized with current variable values

iter      chisq       delta/lim  lambda   a             b             offsetl       Al           
   0 1.4701832070e-01   0.00e+00  3.83e+02    9.787000e+00   2.663897e-03  -3.901690e-03   4.104299e-02
 157 3.7974119181e-03  -9.94e-01  3.83e-05    9.346538e+00   1.091254e-01   2.241885e-01   1.517205e+00

After 157 iterations the fit converged.
final sum of squares of residuals : 0.00379741
rel. change during last iteration : -9.94233e-06

degrees of freedom    (FIT_NDF)                        : 7
rms of residuals      (FIT_STDFIT) = sqrt(WSSR/ndf)    : 0.0232914
variance of residuals (reduced chisquare) = WSSR/ndf   : 0.000542487

Final set of parameters            Asymptotic Standard Error
=======================            ==========================
a               = 9.34654          +/- 5.666e+04    (6.062e+05%)
b               = 0.109125         +/- 8.492e+04    (7.782e+07%)
offsetl         = 0.224188         +/- 7861         (3.507e+06%)
Al              = 1.5172           +/- 1.469e+06    (9.684e+07%)

correlation matrix of the fit parameters:
                a      b      offset Al     
a               1.000 
b               1.000  1.000 
offsetl        -1.000 -1.000  1.000 
Al             -1.000 -1.000  1.000  1.000 


*******************************************************************************
Wed May 08 00:33:48 2024


FIT:    data read from '3.71A.csv' u 1:2
        format = x:z
        x range restricted to [9.79900 : 9.81100]
        #datapoints = 13
        residuals are weighted equally (unit weight)

function used for fitting: l(x)
	l(x) = Al / pi * (b / ((x - a)**2 + b**2)) - offsetl
fitted parameters initialized with current variable values

iter      chisq       delta/lim  lambda   a             b             offsetl       Al           
   0 3.2007235085e-02   0.00e+00  8.89e+00    9.787000e+00   1.168162e-02   5.077594e-02   1.731950e-03
   9 2.8426423616e-03   0.00e+00  8.89e+06    9.804120e+00   1.038571e-02   4.228720e-02   2.012166e-03

After 9 iterations the fit converged.
final sum of squares of residuals : 0.00284264
rel. change during last iteration : 0

degrees of freedom    (FIT_NDF)                        : 9
rms of residuals      (FIT_STDFIT) = sqrt(WSSR/ndf)    : 0.0177721
variance of residuals (reduced chisquare) = WSSR/ndf   : 0.000315849

Final set of parameters            Asymptotic Standard Error
=======================            ==========================
a               = 9.80412          +/- 0.005056     (0.05157%)
b               = 0.0103857        +/- 0.05445      (524.3%)
offsetl         = 0.0422872        +/- 0.4951       (1171%)
Al              = 0.00201217       +/- 0.02667      (1326%)

correlation matrix of the fit parameters:
                a      b      offset Al     
a               1.000 
b               0.360  1.000 
offsetl         0.444  0.991  1.000 
Al              0.429  0.995  0.999  1.000 


*******************************************************************************
Wed May 08 00:34:37 2024


FIT:    data read from '3.71A.csv' u 1:2
        format = x:z
        x range restricted to [9.79900 : 9.81100]
        #datapoints = 13
        residuals are weighted equally (unit weight)

function used for fitting: l(x)
	l(x) = Al / pi * (b / ((x - a)**2 + b**2)) - offsetl
fitted parameters initialized with current variable values

iter      chisq       delta/lim  lambda   a             b             offsetl       Al           
   0 3.2007235085e-02   0.00e+00  8.89e+00    9.787000e+00   1.168162e-02   5.077594e-02   1.731950e-03
   9 2.8426423616e-03   0.00e+00  8.89e+06    9.804120e+00   1.038571e-02   4.228720e-02   2.012166e-03

After 9 iterations the fit converged.
final sum of squares of residuals : 0.00284264
rel. change during last iteration : 0

degrees of freedom    (FIT_NDF)                        : 9
rms of residuals      (FIT_STDFIT) = sqrt(WSSR/ndf)    : 0.0177721
variance of residuals (reduced chisquare) = WSSR/ndf   : 0.000315849

Final set of parameters            Asymptotic Standard Error
=======================            ==========================
a               = 9.80412          +/- 0.005056     (0.05157%)
b               = 0.0103857        +/- 0.05445      (524.3%)
offsetl         = 0.0422872        +/- 0.4951       (1171%)
Al              = 0.00201217       +/- 0.02667      (1326%)

correlation matrix of the fit parameters:
                a      b      offset Al     
a               1.000 
b               0.360  1.000 
offsetl         0.444  0.991  1.000 
Al              0.429  0.995  0.999  1.000 


*******************************************************************************
Wed May 08 00:39:54 2024


FIT:    data read from '3.71A.csv' u 1:2
        format = x:z
        x range restricted to [9.79900 : 9.81100]
        #datapoints = 13
        residuals are weighted equally (unit weight)

function used for fitting: l(x)
	l(x) = Al / pi * (b / ((x - a)**2 + b**2)) - offsetl
fitted parameters initialized with current variable values

iter      chisq       delta/lim  lambda   a             b             offsetl       Al           
   0 1.2088075668e+03   0.00e+00  6.36e+01    9.800000e+00  -7.600361e-02   4.017173e-01  -2.416681e+00
  12 4.7760494409e-03  -9.53e-01  6.36e-04    9.025616e+00  -1.644904e-01   2.483197e-01  -3.124173e+00

After 12 iterations the fit converged.
final sum of squares of residuals : 0.00477605
rel. change during last iteration : -9.52701e-06

degrees of freedom    (FIT_NDF)                        : 9
rms of residuals      (FIT_STDFIT) = sqrt(WSSR/ndf)    : 0.0230363
variance of residuals (reduced chisquare) = WSSR/ndf   : 0.000530672

Final set of parameters            Asymptotic Standard Error
=======================            ==========================
a               = 9.02562          +/- 2.369e+05    (2.624e+06%)
b               = -0.16449         +/- 3.992e+05    (2.427e+08%)
offsetl         = 0.24832          +/- 2.06e+04     (8.295e+06%)
Al              = -3.12417         +/- 9.031e+06    (2.891e+08%)

correlation matrix of the fit parameters:
                a      b      offset Al     
a               1.000 
b              -1.000  1.000 
offsetl        -1.000  1.000  1.000 
Al              1.000 -1.000 -1.000  1.000 


*******************************************************************************
Wed May 08 00:40:21 2024


FIT:    data read from '3.71A.csv' u 1:2
        format = x:z
        x range restricted to [9.79900 : 9.81100]
        #datapoints = 13
        residuals are weighted equally (unit weight)

function used for fitting: l(x)
	l(x) = Al / pi * (b / ((x - a)**2 + b**2)) - offsetl
fitted parameters initialized with current variable values

iter      chisq       delta/lim  lambda   a             b             offsetl       Al           
   0 6.7466963806e+05   0.00e+00  1.57e+05    9.800000e+00   1.094041e-03   8.025851e-02   2.185162e+00
   1 6.7466963806e+05   0.00e+00  1.57e+12    9.800000e+00   1.094041e-03   8.025851e-02   2.185162e+00

After 1 iterations the fit converged.
final sum of squares of residuals : 674670
rel. change during last iteration : 0

degrees of freedom    (FIT_NDF)                        : 9
rms of residuals      (FIT_STDFIT) = sqrt(WSSR/ndf)    : 273.794
variance of residuals (reduced chisquare) = WSSR/ndf   : 74963.3

Final set of parameters            Asymptotic Standard Error
=======================            ==========================
a               = 9.8              +/- 0.004806     (0.04904%)
b               = 0.00109404       +/- 0.0008816    (80.58%)
offsetl         = 0.0802585        +/- 154.3        (1.922e+05%)
Al              = 2.18516          +/- 2.552        (116.8%)

correlation matrix of the fit parameters:
                a      b      offset Al     
a               1.000 
b               0.369  1.000 
offsetl         0.730  0.573  1.000 
Al              0.797  0.754  0.863  1.000 


*******************************************************************************
Wed May 08 00:41:53 2024


FIT:    data read from '3.71A.csv' u 1:2
        format = x:z
        x range restricted to [9.79900 : 9.81100]
        #datapoints = 13
        residuals are weighted equally (unit weight)

function used for fitting: l(x)
	l(x) = Al / pi * (b / ((x - a)**2 + b**2)) - offsetl
fitted parameters initialized with current variable values

iter      chisq       delta/lim  lambda   a             b             offsetl       Al           
   0 3.1413218746e-01   0.00e+00  8.46e-02    1.080500e+01   3.072573e-03   1.485801e-01   3.884566e+00
   3 4.8511851636e-03  -5.11e-02  8.46e-04    6.329766e+00   3.137491e-03  -9.133591e-03   3.966642e+00

After 3 iterations the fit converged.
final sum of squares of residuals : 0.00485119
rel. change during last iteration : -5.1118e-07

degrees of freedom    (FIT_NDF)                        : 9
rms of residuals      (FIT_STDFIT) = sqrt(WSSR/ndf)    : 0.0232168
variance of residuals (reduced chisquare) = WSSR/ndf   : 0.000539021

Final set of parameters            Asymptotic Standard Error
=======================            ==========================
a               = 6.32977          +/- 7.251e+07    (1.145e+09%)
b               = 0.00313749       +/- 2.802e+10    (8.93e+14%)
offsetl         = -0.00913359      +/- 2738         (2.998e+07%)
Al              = 3.96664          +/- 3.542e+13    (8.93e+14%)

correlation matrix of the fit parameters:
                a      b      offset Al     
a               1.000 
b               0.953  1.000 
offsetl        -0.848 -0.648  1.000 
Al             -0.953 -1.000  0.648  1.000 


*******************************************************************************
Wed May 08 00:43:32 2024


FIT:    data read from '3.71A.csv' u 1:2
        format = x:z
        x range restricted to [9.79900 : 9.81100]
        #datapoints = 13
        residuals are weighted equally (unit weight)

function used for fitting: l(x)
	l(x) = Al / pi * (b / ((x - a)**2 + b**2)) - offsetl
fitted parameters initialized with current variable values

iter      chisq       delta/lim  lambda   a             b             offsetl       Al           
   0 4.0527137706e+07   0.00e+00  8.83e+05    9.805000e+00   5.000029e-06  -1.000000e-02   9.999941e-02
   2 5.9043335887e-03  -8.94e-03  8.83e+03    9.814620e+00   5.000034e-06  -1.000000e-02   9.999931e-02

After 2 iterations the fit converged.
final sum of squares of residuals : 0.00590433
rel. change during last iteration : -8.93589e-08

degrees of freedom    (FIT_NDF)                        : 9
rms of residuals      (FIT_STDFIT) = sqrt(WSSR/ndf)    : 0.0256132
variance of residuals (reduced chisquare) = WSSR/ndf   : 0.000656037

Final set of parameters            Asymptotic Standard Error
=======================            ==========================
a               = 9.81462          +/- 3.057        (31.14%)
b               = 5.00003e-06      +/- 29.53        (5.906e+08%)
offsetl         = -0.01            +/- 0.065        (650%)
Al              = 0.0999993        +/- 5.906e+05    (5.906e+08%)

correlation matrix of the fit parameters:
                a      b      offset Al     
a               1.000 
b              -0.935  1.000 
offsetl         0.973 -0.849  1.000 
Al              0.935 -1.000  0.849  1.000 


*******************************************************************************
Wed May 08 00:46:24 2024


FIT:    data read from '3.71A.csv' u 1:($2*10)
        format = x:z
        x range restricted to [9.79900 : 9.81100]
        #datapoints = 13
        residuals are weighted equally (unit weight)

function used for fitting: l(x)
	l(x) = Al / pi * (b / ((x - a)**2 + b**2)) - offsetl
fitted parameters initialized with current variable values

iter      chisq       delta/lim  lambda   a             b             offsetl       Al           
   0 4.0522554583e+07   0.00e+00  8.83e+05    9.805000e+00   5.000029e-06  -1.000000e-02   9.999941e-02
   2 5.7899908915e-01  -3.57e-04  8.83e+03    9.814619e+00   5.000034e-06  -1.000000e-02   9.999931e-02

After 2 iterations the fit converged.
final sum of squares of residuals : 0.578999
rel. change during last iteration : -3.57294e-09

degrees of freedom    (FIT_NDF)                        : 9
rms of residuals      (FIT_STDFIT) = sqrt(WSSR/ndf)    : 0.25364
variance of residuals (reduced chisquare) = WSSR/ndf   : 0.0643332

Final set of parameters            Asymptotic Standard Error
=======================            ==========================
a               = 9.81462          +/- 30.26        (308.3%)
b               = 5.00003e-06      +/- 292.2        (5.844e+09%)
offsetl         = -0.01            +/- 0.6436       (6436%)
Al              = 0.0999993        +/- 5.845e+06    (5.845e+09%)

correlation matrix of the fit parameters:
                a      b      offset Al     
a               1.000 
b              -0.935  1.000 
offsetl         0.973 -0.849  1.000 
Al              0.935 -1.000  0.849  1.000 


*******************************************************************************
Wed May 08 00:47:46 2024


FIT:    data read from '3.71A.csv' u 1:($2*10)
        format = x:z
        x range restricted to [9.79900 : 9.81100]
        #datapoints = 13
        residuals are weighted equally (unit weight)

function used for fitting: l(x)
	l(x) = Al / pi * (b / ((x - a)**2 + b**2)) - offsetl
fitted parameters initialized with current variable values

iter      chisq       delta/lim  lambda   a             b             offsetl       Al           
   0 4.0522554583e+07   0.00e+00  8.83e+05    9.805000e+00   5.000029e-06  -1.000000e-02   9.999941e-02
   2 5.7899908915e-01  -3.57e-04  8.83e+03    9.814619e+00   5.000034e-06  -1.000000e-02   9.999931e-02

After 2 iterations the fit converged.
final sum of squares of residuals : 0.578999
rel. change during last iteration : -3.57294e-09

degrees of freedom    (FIT_NDF)                        : 9
rms of residuals      (FIT_STDFIT) = sqrt(WSSR/ndf)    : 0.25364
variance of residuals (reduced chisquare) = WSSR/ndf   : 0.0643332

Final set of parameters            Asymptotic Standard Error
=======================            ==========================
a               = 9.81462          +/- 30.26        (308.3%)
b               = 5.00003e-06      +/- 292.2        (5.844e+09%)
offsetl         = -0.01            +/- 0.6436       (6436%)
Al              = 0.0999993        +/- 5.845e+06    (5.845e+09%)

correlation matrix of the fit parameters:
                a      b      offset Al     
a               1.000 
b              -0.935  1.000 
offsetl         0.973 -0.849  1.000 
Al              0.935 -1.000  0.849  1.000 


*******************************************************************************
Wed May 08 00:48:16 2024


FIT:    data read from '3.71A.csv' u 1:($2*100)
        format = x:z
        x range restricted to [9.79900 : 9.81100]
        #datapoints = 13
        residuals are weighted equally (unit weight)

function used for fitting: l(x)
	l(x) = Al / pi * (b / ((x - a)**2 + b**2)) - offsetl
fitted parameters initialized with current variable values

iter      chisq       delta/lim  lambda   a             b             offsetl       Al           
   0 4.0476776946e+07   0.00e+00  8.83e+05    9.805000e+00   5.000029e-06  -1.000000e-02   9.999941e-02
   2 5.9903669785e+01  -1.02e-04  8.83e+03    9.814614e+00   5.000034e-06  -1.000000e-02   9.999931e-02

After 2 iterations the fit converged.
final sum of squares of residuals : 59.9037
rel. change during last iteration : -1.02133e-09

degrees of freedom    (FIT_NDF)                        : 9
rms of residuals      (FIT_STDFIT) = sqrt(WSSR/ndf)    : 2.57992
variance of residuals (reduced chisquare) = WSSR/ndf   : 6.65596

Final set of parameters            Asymptotic Standard Error
=======================            ==========================
a               = 9.81461          +/- 306.9        (3127%)
b               = 5.00003e-06      +/- 2952         (5.904e+10%)
offsetl         = -0.01            +/- 6.537        (6.537e+04%)
Al              = 0.0999993        +/- 5.904e+07    (5.904e+10%)

correlation matrix of the fit parameters:
                a      b      offset Al     
a               1.000 
b              -0.935  1.000 
offsetl         0.973 -0.849  1.000 
Al              0.935 -1.000  0.849  1.000 


*******************************************************************************
Wed May 08 00:49:10 2024


FIT:    data read from '3.71A.csv' u 1:($2*1000)
        format = x:z
        x range restricted to [9.79900 : 9.81100]
        #datapoints = 13
        residuals are weighted equally (unit weight)

function used for fitting: l(x)
	l(x) = Al / pi * (b / ((x - a)**2 + b**2)) - offsetl
fitted parameters initialized with current variable values

iter      chisq       delta/lim  lambda   a             b             offsetl       Al           
   0 4.0024359847e+07   0.00e+00  8.83e+05    9.805000e+00   5.000029e-06  -1.000000e-02   9.999942e-02
   2 6.0125229407e+03  -1.01e-04  8.83e+03    9.814560e+00   5.000034e-06  -1.000000e-02   9.999932e-02

After 2 iterations the fit converged.
final sum of squares of residuals : 6012.52
rel. change during last iteration : -1.00571e-09

degrees of freedom    (FIT_NDF)                        : 9
rms of residuals      (FIT_STDFIT) = sqrt(WSSR/ndf)    : 25.8468
variance of residuals (reduced chisquare) = WSSR/ndf   : 668.058

Final set of parameters            Asymptotic Standard Error
=======================            ==========================
a               = 9.81456          +/- 2990         (3.047e+04%)
b               = 5.00003e-06      +/- 2.76e+04     (5.519e+11%)
offsetl         = -0.01            +/- 64.57        (6.457e+05%)
Al              = 0.0999993        +/- 5.52e+08     (5.52e+11%)

correlation matrix of the fit parameters:
                a      b      offset Al     
a               1.000 
b              -0.934  1.000 
offsetl         0.973 -0.847  1.000 
Al              0.934 -1.000  0.847  1.000 


*******************************************************************************
Wed May 08 00:49:31 2024


FIT:    data read from '3.71A.csv' u 1:($2*1000)
        format = x:z
        x range restricted to [9.79900 : 9.81100]
        #datapoints = 13
        residuals are weighted equally (unit weight)

function used for fitting: l(x)
	l(x) = Al / pi * (b / ((x - a)**2 + b**2)) - offsetl
fitted parameters initialized with current variable values

iter      chisq       delta/lim  lambda   a             b             offsetl       Al           
   0 6.2623453095e+03   0.00e+00  2.87e+01    9.805000e+00   4.081092e-02   1.846647e+00   1.136373e-01
   1 6.2623226444e+03  -3.62e-01  2.87e+03    9.804907e+00   4.081091e-02   1.846647e+00   1.136373e-01

After 1 iterations the fit converged.
final sum of squares of residuals : 6262.32
rel. change during last iteration : -3.61929e-06

degrees of freedom    (FIT_NDF)                        : 9
rms of residuals      (FIT_STDFIT) = sqrt(WSSR/ndf)    : 26.3783
variance of residuals (reduced chisquare) = WSSR/ndf   : 695.814

Final set of parameters            Asymptotic Standard Error
=======================            ==========================
a               = 9.80491          +/- 2.117        (21.59%)
b               = 0.0408109        +/- 3924         (9.615e+06%)
offsetl         = 1.84665          +/- 1.665e+05    (9.017e+06%)
Al              = 0.113637         +/- 3.226e+04    (2.839e+07%)

correlation matrix of the fit parameters:
                a      b      offset Al     
a               1.000 
b               0.078  1.000 
offsetl         0.079  1.000  1.000 
Al              0.079  1.000  1.000  1.000 


*******************************************************************************
Wed May 08 00:52:34 2024


FIT:    data read from '3.71A.csv' u 1:($2*1000)
        format = x:z
        x range restricted to [9.79900 : 9.81100]
        #datapoints = 13
        residuals are weighted equally (unit weight)

function used for fitting: l(x)
	l(x) = Al / pi * (b / ((x - a)**2 + b**2)) - offsetl
fitted parameters initialized with current variable values

iter      chisq       delta/lim  lambda   a             b             offsetl       Al           
   0 6.2623453095e+03   0.00e+00  2.87e+01    9.805000e+00   4.081092e-02   1.846647e+00   1.136373e-01
   1 6.2623226444e+03  -3.62e-01  2.87e+03    9.804907e+00   4.081091e-02   1.846647e+00   1.136373e-01

After 1 iterations the fit converged.
final sum of squares of residuals : 6262.32
rel. change during last iteration : -3.61929e-06

degrees of freedom    (FIT_NDF)                        : 9
rms of residuals      (FIT_STDFIT) = sqrt(WSSR/ndf)    : 26.3783
variance of residuals (reduced chisquare) = WSSR/ndf   : 695.814

Final set of parameters            Asymptotic Standard Error
=======================            ==========================
a               = 9.80491          +/- 2.117        (21.59%)
b               = 0.0408109        +/- 3924         (9.615e+06%)
offsetl         = 1.84665          +/- 1.665e+05    (9.017e+06%)
Al              = 0.113637         +/- 3.226e+04    (2.839e+07%)

correlation matrix of the fit parameters:
                a      b      offset Al     
a               1.000 
b               0.078  1.000 
offsetl         0.079  1.000  1.000 
Al              0.079  1.000  1.000  1.000 


*******************************************************************************
Wed May 08 01:04:22 2024


FIT:    data read from '3.71A.csv' u 1:($2*1000)
        format = x:z
        x range restricted to [9.79900 : 9.81100]
        #datapoints = 13
        residuals are weighted equally (unit weight)

function used for fitting: l(x)
	l(x) = Al / pi * (b / ((x - a)**2 + b**2)) - offsetl
fitted parameters initialized with current variable values

iter      chisq       delta/lim  lambda   a             b             offsetl       Al           
   0 5.9749813328e+03   0.00e+00  3.62e+01    9.805000e+00   2.000000e-03  -1.000000e-02   1.000000e-03
   3 5.9744819814e+03  -8.58e-01  3.62e+03    9.804582e+00   2.000000e-03  -1.000000e-02   1.000000e-03

After 3 iterations the fit converged.
final sum of squares of residuals : 5974.48
rel. change during last iteration : -8.57734e-06

degrees of freedom    (FIT_NDF)                        : 9
rms of residuals      (FIT_STDFIT) = sqrt(WSSR/ndf)    : 25.7649
variance of residuals (reduced chisquare) = WSSR/ndf   : 663.831

Final set of parameters            Asymptotic Standard Error
=======================            ==========================
a               = 9.80458          +/- 7.57         (77.2%)
b               = 0.002            +/- 0.7277       (3.638e+04%)
offsetl         = -0.01            +/- 29.5         (2.95e+05%)
Al              = 0.001            +/- 1.063        (1.063e+05%)

correlation matrix of the fit parameters:
                a      b      offset Al     
a               1.000 
b               0.379  1.000 
offsetl         0.706  0.806  1.000 
Al              0.933  0.658  0.897  1.000 


*******************************************************************************
Wed May 08 01:04:37 2024


FIT:    data read from '3.71A.csv' u 1:($2*1000)
        format = x:z
        x range restricted to [9.79900 : 9.81100]
        #datapoints = 13
        residuals are weighted equally (unit weight)

function used for fitting: l(x)
	l(x) = Al / pi * (b / ((x - a)**2 + b**2)) - offsetl
fitted parameters initialized with current variable values

iter      chisq       delta/lim  lambda   a             b             offsetl       Al           
   0 5.9749813328e+03   0.00e+00  3.62e+01    9.805000e+00   2.000000e-03  -1.000000e-02   1.000000e-03
   3 5.9744819814e+03  -8.58e-01  3.62e+03    9.804582e+00   2.000000e-03  -1.000000e-02   1.000000e-03

After 3 iterations the fit converged.
final sum of squares of residuals : 5974.48
rel. change during last iteration : -8.57734e-06

degrees of freedom    (FIT_NDF)                        : 9
rms of residuals      (FIT_STDFIT) = sqrt(WSSR/ndf)    : 25.7649
variance of residuals (reduced chisquare) = WSSR/ndf   : 663.831

Final set of parameters            Asymptotic Standard Error
=======================            ==========================
a               = 9.80458          +/- 7.57         (77.2%)
b               = 0.002            +/- 0.7277       (3.638e+04%)
offsetl         = -0.01            +/- 29.5         (2.95e+05%)
Al              = 0.001            +/- 1.063        (1.063e+05%)

correlation matrix of the fit parameters:
                a      b      offset Al     
a               1.000 
b               0.379  1.000 
offsetl         0.706  0.806  1.000 
Al              0.933  0.658  0.897  1.000 


*******************************************************************************
Wed May 08 01:05:15 2024


FIT:    data read from '3.71A.csv' u 1:($2*1000)
        format = x:z
        x range restricted to [9.79900 : 9.81100]
        #datapoints = 13
        residuals are weighted equally (unit weight)

function used for fitting: l(x)
	l(x) = Al / pi * (b / ((x - a)**2 + b**2)) - offsetl
fitted parameters initialized with current variable values

iter      chisq       delta/lim  lambda   a             b             offsetl       Al           
   0 5.9988246771e+03   0.00e+00  2.21e+01    9.805000e+00   2.000000e-04  -1.000000e-02   1.000000e-04
   1 5.9988246742e+03  -4.86e-05  2.21e+05    9.805000e+00   2.000000e-04  -1.000000e-02   1.000000e-04

After 1 iterations the fit converged.
final sum of squares of residuals : 5998.82
rel. change during last iteration : -4.86488e-10

degrees of freedom    (FIT_NDF)                        : 9
rms of residuals      (FIT_STDFIT) = sqrt(WSSR/ndf)    : 25.8174
variance of residuals (reduced chisquare) = WSSR/ndf   : 666.536

Final set of parameters            Asymptotic Standard Error
=======================            ==========================
a               = 9.805            +/- 630.2        (6427%)
b               = 0.0002           +/- 0.3793       (1.897e+05%)
offsetl         = -0.01            +/- 13.13        (1.313e+05%)
Al              = 0.0001           +/- 6.481        (6.481e+06%)

correlation matrix of the fit parameters:
                a      b      offset Al     
a               1.000 
b               0.257  1.000 
offsetl         0.708  0.581  1.000 
Al              1.000  0.285  0.720  1.000 


*******************************************************************************
Wed May 08 01:06:01 2024


FIT:    data read from '3.71A.csv' u 1:2
        format = x:z
        x range restricted to [9.79900 : 9.81100]
        #datapoints = 13
        residuals are weighted equally (unit weight)

function used for fitting: l(x)
	l(x) = Al / pi * (b / ((x - a)**2 + b**2)) - offsetl
fitted parameters initialized with current variable values

iter      chisq       delta/lim  lambda   a             b             offsetl       Al           
   0 1.7524265211e-02   0.00e+00  2.21e+01    9.805000e+00   2.000065e-04   1.835028e-03   1.000029e-04
   7 4.8512307694e-03  -5.01e-04  2.21e-06    1.321357e+01   1.986254e-04  -9.461599e-03   9.931196e-05

After 7 iterations the fit converged.
final sum of squares of residuals : 0.00485123
rel. change during last iteration : -5.01021e-09

degrees of freedom    (FIT_NDF)                        : 9
rms of residuals      (FIT_STDFIT) = sqrt(WSSR/ndf)    : 0.0232169
variance of residuals (reduced chisquare) = WSSR/ndf   : 0.000539026

Final set of parameters            Asymptotic Standard Error
=======================            ==========================
a               = 13.2136          +/- 1.208e+13    (9.143e+13%)
b               = 0.000198625      +/- 2.499e+19    (1.258e+25%)
offsetl         = -0.0094616       +/- 1893         (2.001e+07%)
Al              = 9.9312e-05       +/- 1.25e+19     (1.258e+25%)

correlation matrix of the fit parameters:
                a      b      offset Al     
a               1.000 
b              -0.206  1.000 
offsetl         1.000 -0.208  1.000 
Al              0.206 -1.000  0.208  1.000 


*******************************************************************************
Wed May 08 01:06:47 2024


FIT:    data read from '3.71A.csv' u 1:2
        format = x:z
        x range restricted to [9.79900 : 9.81100]
        #datapoints = 13
        residuals are weighted equally (unit weight)

function used for fitting: l(x)
	l(x) = Al / pi * (b / ((x - a)**2 + b**2)) - offsetl
fitted parameters initialized with current variable values

iter      chisq       delta/lim  lambda   a             b             offsetl       Al           
   0 1.7524265211e-02   0.00e+00  2.21e+01    9.805000e+00   2.000065e-04   1.835028e-03   1.000029e-04
   7 4.8512307694e-03  -5.01e-04  2.21e-06    1.321357e+01   1.986254e-04  -9.461599e-03   9.931196e-05

After 7 iterations the fit converged.
final sum of squares of residuals : 0.00485123
rel. change during last iteration : -5.01021e-09

degrees of freedom    (FIT_NDF)                        : 9
rms of residuals      (FIT_STDFIT) = sqrt(WSSR/ndf)    : 0.0232169
variance of residuals (reduced chisquare) = WSSR/ndf   : 0.000539026

Final set of parameters            Asymptotic Standard Error
=======================            ==========================
a               = 13.2136          +/- 1.208e+13    (9.143e+13%)
b               = 0.000198625      +/- 2.499e+19    (1.258e+25%)
offsetl         = -0.0094616       +/- 1893         (2.001e+07%)
Al              = 9.9312e-05       +/- 1.25e+19     (1.258e+25%)

correlation matrix of the fit parameters:
                a      b      offset Al     
a               1.000 
b              -0.206  1.000 
offsetl         1.000 -0.208  1.000 
Al              0.206 -1.000  0.208  1.000 


*******************************************************************************
Wed May 08 01:07:47 2024


FIT:    data read from '3.71A.csv' u 1:2
        format = x:z
        x range restricted to [9.79900 : 9.81100]
        #datapoints = 13
        residuals are weighted equally (unit weight)

function used for fitting: l(x)
	l(x) = Al / pi * (b / ((x - a)**2 + b**2)) - offsetl
fitted parameters initialized with current variable values

iter      chisq       delta/lim  lambda   a             b             offsetl       Al           
   0 1.7923663022e-02   0.00e+00  2.21e+01    9.805000e+00   1.990291e-04   1.015327e-02   9.951424e-05
   6 4.8512307516e-03  -9.21e-02  2.21e-05    9.258279e+00   1.990788e-04  -9.461517e-03   9.953833e-05

After 6 iterations the fit converged.
final sum of squares of residuals : 0.00485123
rel. change during last iteration : -9.21052e-07

degrees of freedom    (FIT_NDF)                        : 9
rms of residuals      (FIT_STDFIT) = sqrt(WSSR/ndf)    : 0.0232169
variance of residuals (reduced chisquare) = WSSR/ndf   : 0.000539026

Final set of parameters            Asymptotic Standard Error
=======================            ==========================
a               = 9.25828          +/- 1.285e+09    (1.388e+10%)
b               = 0.000199079      +/- 2.367e+09    (1.189e+15%)
offsetl         = -0.00946152      +/- 52.17        (5.514e+05%)
Al              = 9.95383e-05      +/- 1.183e+09    (1.189e+15%)

correlation matrix of the fit parameters:
                a      b      offset Al     
a               1.000 
b               0.229  1.000 
offsetl        -1.000 -0.226  1.000 
Al             -0.230 -1.000  0.226  1.000 


*******************************************************************************
Wed May 08 01:08:36 2024


FIT:    data read from '3.71A.csv' u 1:2
        format = x:z
        x range restricted to [9.79900 : 9.81100]
        #datapoints = 13
        residuals are weighted equally (unit weight)

function used for fitting: l(x)
	l(x) = Al / pi * (b / ((x - a)**2 + b**2)) - offsetl
fitted parameters initialized with current variable values

iter      chisq       delta/lim  lambda   a             b             offsetl       Al           
   0 9.8719712450e-03   0.00e+00  3.62e+00    9.805000e+00   1.997473e-03   1.992311e-02   9.989187e-05
   3 9.8243094164e-03  -2.37e-01  3.62e+02    9.804629e+00   1.997473e-03   1.992311e-02   9.989187e-05

After 3 iterations the fit converged.
final sum of squares of residuals : 0.00982431
rel. change during last iteration : -2.3663e-06

degrees of freedom    (FIT_NDF)                        : 9
rms of residuals      (FIT_STDFIT) = sqrt(WSSR/ndf)    : 0.0330392
variance of residuals (reduced chisquare) = WSSR/ndf   : 0.00109159

Final set of parameters            Asymptotic Standard Error
=======================            ==========================
a               = 9.80463          +/- 0.09824      (1.002%)
b               = 0.00199747       +/- 0.009252     (463.2%)
offsetl         = 0.0199231        +/- 0.03735      (187.5%)
Al              = 9.98919e-05      +/- 0.001362     (1363%)

correlation matrix of the fit parameters:
                a      b      offset Al     
a               1.000 
b               0.364  1.000 
offsetl         0.697  0.802  1.000 
Al              0.933  0.646  0.892  1.000 


*******************************************************************************
Wed May 08 01:12:20 2024


FIT:    data read from '3.71A.csv' u 1:2
        format = x:z
        x range restricted to [9.79900 : 9.81100]
        #datapoints = 13
        residuals are weighted equally (unit weight)

function used for fitting: l(x)
	l(x) = Al / pi * (b / ((x - a)**2 + b**2)) - offsetl
fitted parameters initialized with current variable values

iter      chisq       delta/lim  lambda   a             b             offsetl       Al           
   0 3.4334528760e-02   0.00e+00  3.62e+01    9.805000e+00   1.995214e-03   1.015313e-02   9.976013e-04
   1 3.4334528760e-02   0.00e+00  3.62e+08    9.805000e+00   1.995214e-03   1.015313e-02   9.976013e-04

After 1 iterations the fit converged.
final sum of squares of residuals : 0.0343345
rel. change during last iteration : 0

degrees of freedom    (FIT_NDF)                        : 9
rms of residuals      (FIT_STDFIT) = sqrt(WSSR/ndf)    : 0.0617653
variance of residuals (reduced chisquare) = WSSR/ndf   : 0.00381495

Final set of parameters            Asymptotic Standard Error
=======================            ==========================
a               = 9.805            +/- 0.02013      (0.2053%)
b               = 0.00199521       +/- 0.001639     (82.14%)
offsetl         = 0.0101531        +/- 0.06369      (627.3%)
Al              = 0.000997601      +/- 0.002556     (256.3%)

correlation matrix of the fit parameters:
                a      b      offset Al     
a               1.000 
b               0.240  1.000 
offsetl         0.623  0.772  1.000 
Al              0.935  0.539  0.842  1.000 


*******************************************************************************
Wed May 08 01:13:15 2024


FIT:    data read from '3.71A.csv' u 1:2
        format = x:z
        x range restricted to [9.79900 : 9.81100]
        #datapoints = 13
        residuals are weighted equally (unit weight)

function used for fitting: l(x)
	l(x) = Al / pi * (b / ((x - a)**2 + b**2)) - offsetl
fitted parameters initialized with current variable values

iter      chisq       delta/lim  lambda   a             b             offsetl       Al           
   0 1.1801325371e-02   0.00e+00  1.81e+01    9.805000e+00   2.006757e-03  -7.384243e-03   5.017322e-04
   1 1.1801325371e-02   0.00e+00  1.81e+08    9.805000e+00   2.006757e-03  -7.384243e-03   5.017322e-04

After 1 iterations the fit converged.
final sum of squares of residuals : 0.0118013
rel. change during last iteration : 0

degrees of freedom    (FIT_NDF)                        : 9
rms of residuals      (FIT_STDFIT) = sqrt(WSSR/ndf)    : 0.0362113
variance of residuals (reduced chisquare) = WSSR/ndf   : 0.00131126

Final set of parameters            Asymptotic Standard Error
=======================            ==========================
a               = 9.805            +/- 0.02339      (0.2385%)
b               = 0.00200676       +/- 0.001936     (96.45%)
offsetl         = -0.00738424      +/- 0.03755      (508.5%)
Al              = 0.000501732      +/- 0.001499     (298.7%)

correlation matrix of the fit parameters:
                a      b      offset Al     
a               1.000 
b               0.239  1.000 
offsetl         0.622  0.773  1.000 
Al              0.934  0.542  0.843  1.000 
