

*******************************************************************************
Wed May 08 00:30:56 2024


FIT:    data read from '3.68A.csv' u 1:2
        format = x:z
        x range restricted to [9.79000 : 9.80000]
        #datapoints = 11
        residuals are weighted equally (unit weight)

function used for fitting: l(x)
	l(x) = Al / pi * (b / ((x - a)**2 + b**2)) - offsetl
fitted parameters initialized with current variable values

iter      chisq       delta/lim  lambda   a             b             offsetl       Al           
   0 3.2848610807e+00   0.00e+00  1.24e+03    9.787000e+00   2.141988e-03   2.255725e-01   3.289958e-02
   1 3.2848610807e+00   0.00e+00  1.24e+09    9.787000e+00   2.141988e-03   2.255725e-01   3.289958e-02

After 1 iterations the fit converged.
final sum of squares of residuals : 3.28486
rel. change during last iteration : 0

degrees of freedom    (FIT_NDF)                        : 7
rms of residuals      (FIT_STDFIT) = sqrt(WSSR/ndf)    : 0.68503
variance of residuals (reduced chisquare) = WSSR/ndf   : 0.469266

Final set of parameters            Asymptotic Standard Error
=======================            ==========================
a               = 9.787            +/- 0.002021     (0.02065%)
b               = 0.00214199       +/- 0.005769     (269.3%)
offsetl         = 0.225572         +/- 0.9857       (437%)
Al              = 0.0328996        +/- 0.03277      (99.6%)

correlation matrix of the fit parameters:
                a      b      offset Al     
a               1.000 
b               0.332  1.000 
offsetl         0.852  0.674  1.000 
Al              0.381 -0.632  0.101  1.000 


*******************************************************************************
Wed May 08 00:31:44 2024


FIT:    data read from '3.68A.csv' u 1:2
        format = x:z
        x range restricted to [9.79000 : 9.80000]
        #datapoints = 11
        residuals are weighted equally (unit weight)

function used for fitting: l(x)
	l(x) = Al / pi * (b / ((x - a)**2 + b**2)) - offsetl
fitted parameters initialized with current variable values

iter      chisq       delta/lim  lambda   a             b             offsetl       Al           
   0 3.2848610807e+00   0.00e+00  1.24e+03    9.787000e+00   2.141988e-03   2.255725e-01   3.289958e-02
   1 3.2848610807e+00   0.00e+00  1.24e+09    9.787000e+00   2.141988e-03   2.255725e-01   3.289958e-02

After 1 iterations the fit converged.
final sum of squares of residuals : 3.28486
rel. change during last iteration : 0

degrees of freedom    (FIT_NDF)                        : 7
rms of residuals      (FIT_STDFIT) = sqrt(WSSR/ndf)    : 0.68503
variance of residuals (reduced chisquare) = WSSR/ndf   : 0.469266

Final set of parameters            Asymptotic Standard Error
=======================            ==========================
a               = 9.787            +/- 0.002021     (0.02065%)
b               = 0.00214199       +/- 0.005769     (269.3%)
offsetl         = 0.225572         +/- 0.9857       (437%)
Al              = 0.0328996        +/- 0.03277      (99.6%)

correlation matrix of the fit parameters:
                a      b      offset Al     
a               1.000 
b               0.332  1.000 
offsetl         0.852  0.674  1.000 
Al              0.381 -0.632  0.101  1.000 


*******************************************************************************
Wed May 08 00:33:07 2024


FIT:    data read from '3.68A.csv' u 1:2
        format = x:z
        x range restricted to [9.79000 : 9.80000]
        #datapoints = 11
        residuals are weighted equally (unit weight)

function used for fitting: l(x)
	l(x) = Al / pi * (b / ((x - a)**2 + b**2)) - offsetl
fitted parameters initialized with current variable values

iter      chisq       delta/lim  lambda   a             b             offsetl       Al           
   0 3.2848610807e+00   0.00e+00  1.24e+03    9.787000e+00   2.141988e-03   2.255725e-01   3.289958e-02
   1 3.2848610807e+00   0.00e+00  1.24e+09    9.787000e+00   2.141988e-03   2.255725e-01   3.289958e-02

After 1 iterations the fit converged.
final sum of squares of residuals : 3.28486
rel. change during last iteration : 0

degrees of freedom    (FIT_NDF)                        : 7
rms of residuals      (FIT_STDFIT) = sqrt(WSSR/ndf)    : 0.68503
variance of residuals (reduced chisquare) = WSSR/ndf   : 0.469266

Final set of parameters            Asymptotic Standard Error
=======================            ==========================
a               = 9.787            +/- 0.002021     (0.02065%)
b               = 0.00214199       +/- 0.005769     (269.3%)
offsetl         = 0.225572         +/- 0.9857       (437%)
Al              = 0.0328996        +/- 0.03277      (99.6%)

correlation matrix of the fit parameters:
                a      b      offset Al     
a               1.000 
b               0.332  1.000 
offsetl         0.852  0.674  1.000 
Al              0.381 -0.632  0.101  1.000 


*******************************************************************************
Wed May 08 00:33:47 2024


FIT:    data read from '3.68A.csv' u 1:2
        format = x:z
        x range restricted to [9.78900 : 9.80100]
        #datapoints = 13
        residuals are weighted equally (unit weight)

function used for fitting: l(x)
	l(x) = Al / pi * (b / ((x - a)**2 + b**2)) - offsetl
fitted parameters initialized with current variable values

iter      chisq       delta/lim  lambda   a             b             offsetl       Al           
   0 5.2190007599e-02   0.00e+00  7.96e+00    9.787000e+00   1.168146e-02   5.077723e-02   1.731967e-03
   1 5.2190007599e-02   0.00e+00  7.96e+06    9.787000e+00   1.168146e-02   5.077723e-02   1.731967e-03

After 1 iterations the fit converged.
final sum of squares of residuals : 0.05219
rel. change during last iteration : 0

degrees of freedom    (FIT_NDF)                        : 9
rms of residuals      (FIT_STDFIT) = sqrt(WSSR/ndf)    : 0.0761504
variance of residuals (reduced chisquare) = WSSR/ndf   : 0.00579889

Final set of parameters            Asymptotic Standard Error
=======================            ==========================
a               = 9.787            +/- 0.5368       (5.485%)
b               = 0.0116815        +/- 0.7512       (6431%)
offsetl         = 0.0507772        +/- 0.4867       (958.4%)
Al              = 0.00173197       +/- 0.06857      (3959%)

correlation matrix of the fit parameters:
                a      b      offset Al     
a               1.000 
b              -0.992  1.000 
offsetl         0.688 -0.593  1.000 
Al             -0.929  0.968 -0.372  1.000 


*******************************************************************************
Wed May 08 00:34:36 2024


FIT:    data read from '3.68A.csv' u 1:2
        format = x:z
        x range restricted to [9.78900 : 9.80100]
        #datapoints = 13
        residuals are weighted equally (unit weight)

function used for fitting: l(x)
	l(x) = Al / pi * (b / ((x - a)**2 + b**2)) - offsetl
fitted parameters initialized with current variable values

iter      chisq       delta/lim  lambda   a             b             offsetl       Al           
   0 5.2190007599e-02   0.00e+00  7.96e+00    9.787000e+00   1.168146e-02   5.077723e-02   1.731967e-03
   1 5.2190007599e-02   0.00e+00  7.96e+06    9.787000e+00   1.168146e-02   5.077723e-02   1.731967e-03

After 1 iterations the fit converged.
final sum of squares of residuals : 0.05219
rel. change during last iteration : 0

degrees of freedom    (FIT_NDF)                        : 9
rms of residuals      (FIT_STDFIT) = sqrt(WSSR/ndf)    : 0.0761504
variance of residuals (reduced chisquare) = WSSR/ndf   : 0.00579889

Final set of parameters            Asymptotic Standard Error
=======================            ==========================
a               = 9.787            +/- 0.5368       (5.485%)
b               = 0.0116815        +/- 0.7512       (6431%)
offsetl         = 0.0507772        +/- 0.4867       (958.4%)
Al              = 0.00173197       +/- 0.06857      (3959%)

correlation matrix of the fit parameters:
                a      b      offset Al     
a               1.000 
b              -0.992  1.000 
offsetl         0.688 -0.593  1.000 
Al             -0.929  0.968 -0.372  1.000 


*******************************************************************************
Wed May 08 00:39:51 2024


FIT:    data read from '3.68A.csv' u 1:2
        format = x:z
        x range restricted to [9.78900 : 9.80100]
        #datapoints = 13
        residuals are weighted equally (unit weight)

function used for fitting: l(x)
	l(x) = Al / pi * (b / ((x - a)**2 + b**2)) - offsetl
fitted parameters initialized with current variable values

iter      chisq       delta/lim  lambda   a             b             offsetl       Al           
   0 3.4066129816e+02   0.00e+00  2.43e+03    9.800000e+00  -1.879584e-03   1.992305e-02  -6.741748e-02
  56 5.6955292234e-02  -9.43e-01  2.43e-02    1.022985e+01  -1.915063e-03   1.081490e-02  -6.868871e-02

After 56 iterations the fit converged.
final sum of squares of residuals : 0.0569553
rel. change during last iteration : -9.42665e-06

degrees of freedom    (FIT_NDF)                        : 9
rms of residuals      (FIT_STDFIT) = sqrt(WSSR/ndf)    : 0.079551
variance of residuals (reduced chisquare) = WSSR/ndf   : 0.00632837

Final set of parameters            Asymptotic Standard Error
=======================            ==========================
a               = 10.2298          +/- 9.275e+07    (9.066e+08%)
b               = -0.00191506      +/- 7.183e+09    (3.751e+14%)
offsetl         = 0.0108149        +/- 1.178e+04    (1.089e+08%)
Al              = -0.0686887       +/- 2.576e+11    (3.751e+14%)

correlation matrix of the fit parameters:
                a      b      offset Al     
a               1.000 
b               1.000  1.000 
offsetl         1.000  1.000  1.000 
Al             -1.000 -1.000 -1.000  1.000 


*******************************************************************************
Wed May 08 00:40:17 2024


FIT:    data read from '3.68A.csv' u 1:2
        format = x:z
        x range restricted to [9.78900 : 9.80100]
        #datapoints = 13
        residuals are weighted equally (unit weight)

function used for fitting: l(x)
	l(x) = Al / pi * (b / ((x - a)**2 + b**2)) - offsetl
fitted parameters initialized with current variable values

iter      chisq       delta/lim  lambda   a             b             offsetl       Al           
   0 4.2313235679e+05   0.00e+00  9.00e+04    9.800000e+00   4.102448e-04   1.992759e-02   8.204857e-01
  18 5.6951705846e-02  -9.96e-01  9.00e-03    1.052075e+01   4.235805e-04   1.049905e-02   8.471547e-01

After 18 iterations the fit converged.
final sum of squares of residuals : 0.0569517
rel. change during last iteration : -9.95578e-06

degrees of freedom    (FIT_NDF)                        : 9
rms of residuals      (FIT_STDFIT) = sqrt(WSSR/ndf)    : 0.0795485
variance of residuals (reduced chisquare) = WSSR/ndf   : 0.00632797

Final set of parameters            Asymptotic Standard Error
=======================            ==========================
a               = 10.5207          +/- 2.823e+07    (2.683e+08%)
b               = 0.00042358       +/- 1.723e+10    (4.067e+15%)
offsetl         = 0.010499         +/- 2078         (1.98e+07%)
Al              = 0.847155         +/- 3.446e+13    (4.067e+15%)

correlation matrix of the fit parameters:
                a      b      offset Al     
a               1.000 
b              -0.999  1.000 
offsetl         0.994 -0.988  1.000 
Al              0.999 -1.000  0.988  1.000 


*******************************************************************************
Wed May 08 00:41:50 2024


FIT:    data read from '3.68A.csv' u 1:2
        format = x:z
        x range restricted to [9.78900 : 9.80100]
        #datapoints = 13
        residuals are weighted equally (unit weight)

function used for fitting: l(x)
	l(x) = Al / pi * (b / ((x - a)**2 + b**2)) - offsetl
fitted parameters initialized with current variable values

iter      chisq       delta/lim  lambda   a             b             offsetl       Al           
   0 6.5774312184e+00   0.00e+00  8.26e+00    1.079500e+01   1.154157e-01   8.850537e-02   2.168701e+01
  61 5.6972098662e-02  -9.75e-01  8.26e-03    1.606028e+01   1.242936e-01   3.369417e-02   2.334204e+01

After 61 iterations the fit converged.
final sum of squares of residuals : 0.0569721
rel. change during last iteration : -9.74765e-06

degrees of freedom    (FIT_NDF)                        : 9
rms of residuals      (FIT_STDFIT) = sqrt(WSSR/ndf)    : 0.0795628
variance of residuals (reduced chisquare) = WSSR/ndf   : 0.00633023

Final set of parameters            Asymptotic Standard Error
=======================            ==========================
a               = 16.0603          +/- 3.314e+10    (2.063e+11%)
b               = 0.124294         +/- 6.186e+11    (4.977e+14%)
offsetl         = 0.0336942        +/- 3.111e+07    (9.232e+10%)
Al              = 23.342           +/- 1.164e+14    (4.985e+14%)

correlation matrix of the fit parameters:
                a      b      offset Al     
a               1.000 
b              -1.000  1.000 
offsetl         1.000 -1.000  1.000 
Al              1.000 -1.000  1.000  1.000 


*******************************************************************************
Wed May 08 00:43:32 2024


FIT:    data read from '3.68A.csv' u 1:2
        format = x:z
        x range restricted to [9.78900 : 9.80100]
        #datapoints = 13
        residuals are weighted equally (unit weight)

function used for fitting: l(x)
	l(x) = Al / pi * (b / ((x - a)**2 + b**2)) - offsetl
fitted parameters initialized with current variable values

iter      chisq       delta/lim  lambda   a             b             offsetl       Al           
   0 4.0526939844e+07   0.00e+00  8.83e+05    9.795000e+00   5.000015e-06  -1.000000e-02   9.999971e-02
   2 6.7844704768e-02  -1.42e-02  8.83e+03    9.804610e+00   5.000020e-06  -1.000000e-02   9.999961e-02

After 2 iterations the fit converged.
final sum of squares of residuals : 0.0678447
rel. change during last iteration : -1.42359e-07

degrees of freedom    (FIT_NDF)                        : 9
rms of residuals      (FIT_STDFIT) = sqrt(WSSR/ndf)    : 0.0868234
variance of residuals (reduced chisquare) = WSSR/ndf   : 0.0075383

Final set of parameters            Asymptotic Standard Error
=======================            ==========================
a               = 9.80461          +/- 10.29        (104.9%)
b               = 5.00002e-06      +/- 98.89        (1.978e+09%)
offsetl         = -0.01            +/- 0.2197       (2197%)
Al              = 0.0999996        +/- 1.978e+06    (1.978e+09%)

correlation matrix of the fit parameters:
                a      b      offset Al     
a               1.000 
b              -0.935  1.000 
offsetl         0.973 -0.849  1.000 
Al              0.935 -1.000  0.849  1.000 


*******************************************************************************
Wed May 08 00:46:24 2024


FIT:    data read from '3.68A.csv' u 1:($2*10)
        format = x:z
        x range restricted to [9.78900 : 9.80100]
        #datapoints = 13
        residuals are weighted equally (unit weight)

function used for fitting: l(x)
	l(x) = Al / pi * (b / ((x - a)**2 + b**2)) - offsetl
fitted parameters initialized with current variable values

iter      chisq       delta/lim  lambda   a             b             offsetl       Al           
   0 4.0516288392e+07   0.00e+00  8.83e+05    9.795000e+00   5.000015e-06  -1.000000e-02   9.999971e-02
   2 5.9031315933e+00  -1.09e-02  8.83e+03    9.804609e+00   5.000020e-06  -1.000000e-02   9.999961e-02

After 2 iterations the fit converged.
final sum of squares of residuals : 5.90313
rel. change during last iteration : -1.08631e-07

degrees of freedom    (FIT_NDF)                        : 9
rms of residuals      (FIT_STDFIT) = sqrt(WSSR/ndf)    : 0.809879
variance of residuals (reduced chisquare) = WSSR/ndf   : 0.655904

Final set of parameters            Asymptotic Standard Error
=======================            ==========================
a               = 9.80461          +/- 95.9         (978.2%)
b               = 5.00002e-06      +/- 921          (1.842e+10%)
offsetl         = -0.01            +/- 2.048        (2.048e+04%)
Al              = 0.0999996        +/- 1.842e+07    (1.842e+10%)

correlation matrix of the fit parameters:
                a      b      offset Al     
a               1.000 
b              -0.935  1.000 
offsetl         0.973 -0.849  1.000 
Al              0.935 -1.000  0.849  1.000 


*******************************************************************************
Wed May 08 00:47:45 2024


FIT:    data read from '3.68A.csv' u 1:($2*10)
        format = x:z
        x range restricted to [9.78900 : 9.80100]
        #datapoints = 13
        residuals are weighted equally (unit weight)

function used for fitting: l(x)
	l(x) = Al / pi * (b / ((x - a)**2 + b**2)) - offsetl
fitted parameters initialized with current variable values

iter      chisq       delta/lim  lambda   a             b             offsetl       Al           
   0 4.0516288392e+07   0.00e+00  8.83e+05    9.795000e+00   5.000015e-06  -1.000000e-02   9.999971e-02
   2 5.9031315933e+00  -1.09e-02  8.83e+03    9.804609e+00   5.000020e-06  -1.000000e-02   9.999961e-02

After 2 iterations the fit converged.
final sum of squares of residuals : 5.90313
rel. change during last iteration : -1.08631e-07

degrees of freedom    (FIT_NDF)                        : 9
rms of residuals      (FIT_STDFIT) = sqrt(WSSR/ndf)    : 0.809879
variance of residuals (reduced chisquare) = WSSR/ndf   : 0.655904

Final set of parameters            Asymptotic Standard Error
=======================            ==========================
a               = 9.80461          +/- 95.9         (978.2%)
b               = 5.00002e-06      +/- 921          (1.842e+10%)
offsetl         = -0.01            +/- 2.048        (2.048e+04%)
Al              = 0.0999996        +/- 1.842e+07    (1.842e+10%)

correlation matrix of the fit parameters:
                a      b      offset Al     
a               1.000 
b              -0.935  1.000 
offsetl         0.973 -0.849  1.000 
Al              0.935 -1.000  0.849  1.000 


*******************************************************************************
Wed May 08 00:48:16 2024


FIT:    data read from '3.68A.csv' u 1:($2*100)
        format = x:z
        x range restricted to [9.78900 : 9.80100]
        #datapoints = 13
        residuals are weighted equally (unit weight)

function used for fitting: l(x)
	l(x) = Al / pi * (b / ((x - a)**2 + b**2)) - offsetl
fitted parameters initialized with current variable values

iter      chisq       delta/lim  lambda   a             b             offsetl       Al           
   0 4.0410293235e+07   0.00e+00  8.83e+05    9.795000e+00   5.000015e-06  -1.000000e-02   9.999971e-02
   2 5.8362274666e+02  -1.07e-02  8.83e+03    9.804596e+00   5.000020e-06  -1.000000e-02   9.999961e-02

After 2 iterations the fit converged.
final sum of squares of residuals : 583.623
rel. change during last iteration : -1.06628e-07

degrees of freedom    (FIT_NDF)                        : 9
rms of residuals      (FIT_STDFIT) = sqrt(WSSR/ndf)    : 8.05276
variance of residuals (reduced chisquare) = WSSR/ndf   : 64.847

Final set of parameters            Asymptotic Standard Error
=======================            ==========================
a               = 9.8046           +/- 947.6        (9664%)
b               = 5.00002e-06      +/- 9014         (1.803e+11%)
offsetl         = -0.01            +/- 20.3         (2.03e+05%)
Al              = 0.0999996        +/- 1.803e+08    (1.803e+11%)

correlation matrix of the fit parameters:
                a      b      offset Al     
a               1.000 
b              -0.934  1.000 
offsetl         0.973 -0.848  1.000 
Al              0.934 -1.000  0.848  1.000 


*******************************************************************************
Wed May 08 00:49:09 2024


FIT:    data read from '3.68A.csv' u 1:($2*1000)
        format = x:z
        x range restricted to [9.78900 : 9.80100]
        #datapoints = 13
        residuals are weighted equally (unit weight)

function used for fitting: l(x)
	l(x) = Al / pi * (b / ((x - a)**2 + b**2)) - offsetl
fitted parameters initialized with current variable values

iter      chisq       delta/lim  lambda   a             b             offsetl       Al           
   0 3.9402277909e+07   0.00e+00  8.83e+05    9.795000e+00   5.000014e-06  -1.000000e-02   9.999971e-02
   2 5.8297508397e+04  -1.25e-02  8.83e+03    9.804473e+00   5.000019e-06  -1.000000e-02   9.999962e-02

After 2 iterations the fit converged.
final sum of squares of residuals : 58297.5
rel. change during last iteration : -1.25252e-07

degrees of freedom    (FIT_NDF)                        : 9
rms of residuals      (FIT_STDFIT) = sqrt(WSSR/ndf)    : 80.4829
variance of residuals (reduced chisquare) = WSSR/ndf   : 6477.5

Final set of parameters            Asymptotic Standard Error
=======================            ==========================
a               = 9.80447          +/- 8884         (9.061e+04%)
b               = 5.00002e-06      +/- 7.681e+04    (1.536e+12%)
offsetl         = -0.01            +/- 196.4        (1.964e+06%)
Al              = 0.0999996        +/- 1.536e+09    (1.536e+12%)

correlation matrix of the fit parameters:
                a      b      offset Al     
a               1.000 
b              -0.932  1.000 
offsetl         0.973 -0.844  1.000 
Al              0.932 -1.000  0.844  1.000 


*******************************************************************************
Wed May 08 00:49:30 2024


FIT:    data read from '3.68A.csv' u 1:($2*1000)
        format = x:z
        x range restricted to [9.78900 : 9.80100]
        #datapoints = 13
        residuals are weighted equally (unit weight)

function used for fitting: l(x)
	l(x) = Al / pi * (b / ((x - a)**2 + b**2)) - offsetl
fitted parameters initialized with current variable values

iter      chisq       delta/lim  lambda   a             b             offsetl       Al           
   0 5.7994401349e+04   0.00e+00  2.49e+01    9.795000e+00   4.336733e-02   1.992435e+01   1.070313e-01
   3 5.7992602379e+04  -9.98e-01  2.49e+03    9.794254e+00   4.336731e-02   1.992412e+01   1.070314e-01

After 3 iterations the fit converged.
final sum of squares of residuals : 57992.6
rel. change during last iteration : -9.98458e-06

degrees of freedom    (FIT_NDF)                        : 9
rms of residuals      (FIT_STDFIT) = sqrt(WSSR/ndf)    : 80.2722
variance of residuals (reduced chisquare) = WSSR/ndf   : 6443.62

Final set of parameters            Asymptotic Standard Error
=======================            ==========================
a               = 9.79425          +/- 9.369        (95.65%)
b               = 0.0433673        +/- 1.331e+04    (3.07e+07%)
offsetl         = 19.9241          +/- 4.716e+05    (2.367e+06%)
Al              = 0.107031         +/- 9.707e+04    (9.069e+07%)

correlation matrix of the fit parameters:
                a      b      offset Al     
a               1.000 
b               0.342  1.000 
offsetl         0.345  1.000  1.000 
Al              0.344  1.000  1.000  1.000 


*******************************************************************************
Wed May 08 00:52:34 2024


FIT:    data read from '3.68A.csv' u 1:($2*1000)
        format = x:z
        x range restricted to [9.78900 : 9.80100]
        #datapoints = 13
        residuals are weighted equally (unit weight)

function used for fitting: l(x)
	l(x) = Al / pi * (b / ((x - a)**2 + b**2)) - offsetl
fitted parameters initialized with current variable values

iter      chisq       delta/lim  lambda   a             b             offsetl       Al           
   0 5.7994401349e+04   0.00e+00  2.49e+01    9.795000e+00   4.336733e-02   1.992435e+01   1.070313e-01
   3 5.7992602379e+04  -9.98e-01  2.49e+03    9.794254e+00   4.336731e-02   1.992412e+01   1.070314e-01

After 3 iterations the fit converged.
final sum of squares of residuals : 57992.6
rel. change during last iteration : -9.98458e-06

degrees of freedom    (FIT_NDF)                        : 9
rms of residuals      (FIT_STDFIT) = sqrt(WSSR/ndf)    : 80.2722
variance of residuals (reduced chisquare) = WSSR/ndf   : 6443.62

Final set of parameters            Asymptotic Standard Error
=======================            ==========================
a               = 9.79425          +/- 9.369        (95.65%)
b               = 0.0433673        +/- 1.331e+04    (3.07e+07%)
offsetl         = 19.9241          +/- 4.716e+05    (2.367e+06%)
Al              = 0.107031         +/- 9.707e+04    (9.069e+07%)

correlation matrix of the fit parameters:
                a      b      offset Al     
a               1.000 
b               0.342  1.000 
offsetl         0.345  1.000  1.000 
Al              0.344  1.000  1.000  1.000 


*******************************************************************************
Wed May 08 01:04:21 2024


FIT:    data read from '3.68A.csv' u 1:($2*1000)
        format = x:z
        x range restricted to [9.78900 : 9.80100]
        #datapoints = 13
        residuals are weighted equally (unit weight)

function used for fitting: l(x)
	l(x) = Al / pi * (b / ((x - a)**2 + b**2)) - offsetl
fitted parameters initialized with current variable values

iter      chisq       delta/lim  lambda   a             b             offsetl       Al           
   0 5.8240252312e+04   0.00e+00  3.62e+01    9.795000e+00   2.000000e-03  -1.000000e-02   1.000000e-03
   2 5.8238614327e+04  -3.74e-01  3.62e+03    9.794499e+00   2.000000e-03  -1.000000e-02   1.000000e-03

After 2 iterations the fit converged.
final sum of squares of residuals : 58238.6
rel. change during last iteration : -3.74237e-06

degrees of freedom    (FIT_NDF)                        : 9
rms of residuals      (FIT_STDFIT) = sqrt(WSSR/ndf)    : 80.4423
variance of residuals (reduced chisquare) = WSSR/ndf   : 6470.96

Final set of parameters            Asymptotic Standard Error
=======================            ==========================
a               = 9.7945           +/- 23.07        (235.6%)
b               = 0.002            +/- 2.297        (1.148e+05%)
offsetl         = -0.01            +/- 93.89        (9.389e+05%)
Al              = 0.001            +/- 3.311        (3.311e+05%)

correlation matrix of the fit parameters:
                a      b      offset Al     
a               1.000 
b               0.405  1.000 
offsetl         0.721  0.812  1.000 
Al              0.933  0.679  0.906  1.000 


*******************************************************************************
Wed May 08 01:04:36 2024


FIT:    data read from '3.68A.csv' u 1:($2*1000)
        format = x:z
        x range restricted to [9.78900 : 9.80100]
        #datapoints = 13
        residuals are weighted equally (unit weight)

function used for fitting: l(x)
	l(x) = Al / pi * (b / ((x - a)**2 + b**2)) - offsetl
fitted parameters initialized with current variable values

iter      chisq       delta/lim  lambda   a             b             offsetl       Al           
   0 5.8240252312e+04   0.00e+00  3.62e+01    9.795000e+00   2.000000e-03  -1.000000e-02   1.000000e-03
   2 5.8238614327e+04  -3.74e-01  3.62e+03    9.794499e+00   2.000000e-03  -1.000000e-02   1.000000e-03

After 2 iterations the fit converged.
final sum of squares of residuals : 58238.6
rel. change during last iteration : -3.74237e-06

degrees of freedom    (FIT_NDF)                        : 9
rms of residuals      (FIT_STDFIT) = sqrt(WSSR/ndf)    : 80.4423
variance of residuals (reduced chisquare) = WSSR/ndf   : 6470.96

Final set of parameters            Asymptotic Standard Error
=======================            ==========================
a               = 9.7945           +/- 23.07        (235.6%)
b               = 0.002            +/- 2.297        (1.148e+05%)
offsetl         = -0.01            +/- 93.89        (9.389e+05%)
Al              = 0.001            +/- 3.311        (3.311e+05%)

correlation matrix of the fit parameters:
                a      b      offset Al     
a               1.000 
b               0.405  1.000 
offsetl         0.721  0.812  1.000 
Al              0.933  0.679  0.906  1.000 


*******************************************************************************
Wed May 08 01:05:15 2024


FIT:    data read from '3.68A.csv' u 1:($2*1000)
        format = x:z
        x range restricted to [9.78900 : 9.80100]
        #datapoints = 13
        residuals are weighted equally (unit weight)

function used for fitting: l(x)
	l(x) = Al / pi * (b / ((x - a)**2 + b**2)) - offsetl
fitted parameters initialized with current variable values

iter      chisq       delta/lim  lambda   a             b             offsetl       Al           
   0 5.8261380184e+04   0.00e+00  2.21e+01    9.795000e+00   2.000000e-04  -1.000000e-02   1.000000e-04
   1 5.8261380176e+04  -1.28e-05  2.21e+05    9.795000e+00   2.000000e-04  -1.000000e-02   1.000000e-04

After 1 iterations the fit converged.
final sum of squares of residuals : 58261.4
rel. change during last iteration : -1.27658e-10

degrees of freedom    (FIT_NDF)                        : 9
rms of residuals      (FIT_STDFIT) = sqrt(WSSR/ndf)    : 80.458
variance of residuals (reduced chisquare) = WSSR/ndf   : 6473.49

Final set of parameters            Asymptotic Standard Error
=======================            ==========================
a               = 9.795            +/- 1952         (1.992e+04%)
b               = 0.0002           +/- 1.182        (5.911e+05%)
offsetl         = -0.01            +/- 40.89        (4.089e+05%)
Al              = 0.0001           +/- 20.09        (2.009e+07%)

correlation matrix of the fit parameters:
                a      b      offset Al     
a               1.000 
b               0.257  1.000 
offsetl         0.707  0.581  1.000 
Al              1.000  0.285  0.719  1.000 


*******************************************************************************
Wed May 08 01:06:00 2024


FIT:    data read from '3.68A.csv' u 1:2
        format = x:z
        x range restricted to [9.78900 : 9.80100]
        #datapoints = 13
        residuals are weighted equally (unit weight)

function used for fitting: l(x)
	l(x) = Al / pi * (b / ((x - a)**2 + b**2)) - offsetl
fitted parameters initialized with current variable values

iter      chisq       delta/lim  lambda   a             b             offsetl       Al           
   0 5.9903886375e-02   0.00e+00  2.21e+01    9.795000e+00   2.000000e-04  -1.000000e-02   1.000000e-04
  40 5.4016040376e-02  -7.61e-03  2.21e+03    9.795196e+00   2.000000e-04  -9.999999e-03   1.000000e-04

After 40 iterations the fit converged.
final sum of squares of residuals : 0.054016
rel. change during last iteration : -7.60908e-08

degrees of freedom    (FIT_NDF)                        : 9
rms of residuals      (FIT_STDFIT) = sqrt(WSSR/ndf)    : 0.0774712
variance of residuals (reduced chisquare) = WSSR/ndf   : 0.00600178

Final set of parameters            Asymptotic Standard Error
=======================            ==========================
a               = 9.7952           +/- 2.052        (20.95%)
b               = 0.0002           +/- 0.001931     (965.7%)
offsetl         = -0.01            +/- 0.03816      (381.6%)
Al              = 0.0001           +/- 0.02097      (2.097e+04%)

correlation matrix of the fit parameters:
                a      b      offset Al     
a               1.000 
b               0.194  1.000 
offsetl         0.707  0.506  1.000 
Al              1.000  0.195  0.708  1.000 


*******************************************************************************
Wed May 08 01:06:46 2024


FIT:    data read from '3.68A.csv' u 1:2
        format = x:z
        x range restricted to [9.78900 : 9.80100]
        #datapoints = 13
        residuals are weighted equally (unit weight)

function used for fitting: l(x)
	l(x) = Al / pi * (b / ((x - a)**2 + b**2)) - offsetl
fitted parameters initialized with current variable values

iter      chisq       delta/lim  lambda   a             b             offsetl       Al           
   0 5.9903886375e-02   0.00e+00  2.21e+01    9.795000e+00   2.000000e-04  -1.000000e-02   1.000000e-04
  40 5.4016040376e-02  -7.61e-03  2.21e+03    9.795196e+00   2.000000e-04  -9.999999e-03   1.000000e-04

After 40 iterations the fit converged.
final sum of squares of residuals : 0.054016
rel. change during last iteration : -7.60908e-08

degrees of freedom    (FIT_NDF)                        : 9
rms of residuals      (FIT_STDFIT) = sqrt(WSSR/ndf)    : 0.0774712
variance of residuals (reduced chisquare) = WSSR/ndf   : 0.00600178

Final set of parameters            Asymptotic Standard Error
=======================            ==========================
a               = 9.7952           +/- 2.052        (20.95%)
b               = 0.0002           +/- 0.001931     (965.7%)
offsetl         = -0.01            +/- 0.03816      (381.6%)
Al              = 0.0001           +/- 0.02097      (2.097e+04%)

correlation matrix of the fit parameters:
                a      b      offset Al     
a               1.000 
b               0.194  1.000 
offsetl         0.707  0.506  1.000 
Al              1.000  0.195  0.708  1.000 


*******************************************************************************
Wed May 08 01:07:47 2024


FIT:    data read from '3.68A.csv' u 1:2
        format = x:z
        x range restricted to [9.78900 : 9.80100]
        #datapoints = 13
        residuals are weighted equally (unit weight)

function used for fitting: l(x)
	l(x) = Al / pi * (b / ((x - a)**2 + b**2)) - offsetl
fitted parameters initialized with current variable values

iter      chisq       delta/lim  lambda   a             b             offsetl       Al           
   0 1.1587260637e-01   0.00e+00  2.21e+01    9.795000e+00   2.000000e-04  -4.999983e-02   9.999999e-05
   6 5.6949692311e-02  -7.94e-04  2.21e-05    1.316812e+01   1.990286e-04   1.015345e-02   9.951427e-05

After 6 iterations the fit converged.
final sum of squares of residuals : 0.0569497
rel. change during last iteration : -7.94377e-09

degrees of freedom    (FIT_NDF)                        : 9
rms of residuals      (FIT_STDFIT) = sqrt(WSSR/ndf)    : 0.0795471
variance of residuals (reduced chisquare) = WSSR/ndf   : 0.00632774

Final set of parameters            Asymptotic Standard Error
=======================            ==========================
a               = 13.1681          +/- 2.909e+13    (2.209e+14%)
b               = 0.000199029      +/- 6.425e+19    (3.228e+25%)
offsetl         = 0.0101535        +/- 4723         (4.652e+07%)
Al              = 9.95143e-05      +/- 3.212e+19    (3.228e+25%)

correlation matrix of the fit parameters:
                a      b      offset Al     
a               1.000 
b               0.205  1.000 
offsetl         1.000  0.206  1.000 
Al             -0.205 -1.000 -0.206  1.000 


*******************************************************************************
Wed May 08 01:08:35 2024


FIT:    data read from '3.68A.csv' u 1:2
        format = x:z
        x range restricted to [9.78900 : 9.80100]
        #datapoints = 13
        residuals are weighted equally (unit weight)

function used for fitting: l(x)
	l(x) = Al / pi * (b / ((x - a)**2 + b**2)) - offsetl
fitted parameters initialized with current variable values

iter      chisq       delta/lim  lambda   a             b             offsetl       Al           
   0 5.0499607836e-02   0.00e+00  3.62e+00    9.795000e+00   1.997473e-03   1.992311e-02   9.989187e-05
  13 5.0338618860e-02  -9.94e-01  3.62e+02    9.794673e+00   1.997473e-03   1.992311e-02   9.989187e-05

After 13 iterations the fit converged.
final sum of squares of residuals : 0.0503386
rel. change during last iteration : -9.93804e-06

degrees of freedom    (FIT_NDF)                        : 9
rms of residuals      (FIT_STDFIT) = sqrt(WSSR/ndf)    : 0.0747876
variance of residuals (reduced chisquare) = WSSR/ndf   : 0.00559318

Final set of parameters            Asymptotic Standard Error
=======================            ==========================
a               = 9.79467          +/- 0.2234       (2.281%)
b               = 0.00199747       +/- 0.0208       (1041%)
offsetl         = 0.0199231        +/- 0.08361      (419.6%)
Al              = 9.98919e-05      +/- 0.003073     (3076%)

correlation matrix of the fit parameters:
                a      b      offset Al     
a               1.000 
b               0.350  1.000 
offsetl         0.689  0.799  1.000 
Al              0.933  0.635  0.887  1.000 


*******************************************************************************
Wed May 08 01:12:19 2024


FIT:    data read from '3.68A.csv' u 1:2
        format = x:z
        x range restricted to [9.78900 : 9.80100]
        #datapoints = 13
        residuals are weighted equally (unit weight)

function used for fitting: l(x)
	l(x) = Al / pi * (b / ((x - a)**2 + b**2)) - offsetl
fitted parameters initialized with current variable values

iter      chisq       delta/lim  lambda   a             b             offsetl       Al           
   0 1.4209155858e-01   0.00e+00  3.62e+01    9.795000e+00   1.999713e-03  -2.592197e-02   9.998837e-04
   6 5.6949692636e-02  -1.37e-03  3.62e-05    1.205550e+01   1.994928e-03   1.015396e-02   9.975852e-04

After 6 iterations the fit converged.
final sum of squares of residuals : 0.0569497
rel. change during last iteration : -1.37235e-08

degrees of freedom    (FIT_NDF)                        : 9
rms of residuals      (FIT_STDFIT) = sqrt(WSSR/ndf)    : 0.0795471
variance of residuals (reduced chisquare) = WSSR/ndf   : 0.00632774

Final set of parameters            Asymptotic Standard Error
=======================            ==========================
a               = 12.0555          +/- 7.145e+10    (5.926e+11%)
b               = 0.00199493       +/- 7.923e+10    (3.972e+15%)
offsetl         = 0.010154         +/- 3859         (3.801e+07%)
Al              = 0.000997585      +/- 3.956e+10    (3.966e+15%)

correlation matrix of the fit parameters:
                a      b      offset Al     
a               1.000 
b               0.614  1.000 
offsetl         1.000  0.615  1.000 
Al             -0.613 -1.000 -0.614  1.000 


*******************************************************************************
Wed May 08 01:13:14 2024


FIT:    data read from '3.68A.csv' u 1:2
        format = x:z
        x range restricted to [9.78900 : 9.80100]
        #datapoints = 13
        residuals are weighted equally (unit weight)

function used for fitting: l(x)
	l(x) = Al / pi * (b / ((x - a)**2 + b**2)) - offsetl
fitted parameters initialized with current variable values

iter      chisq       delta/lim  lambda   a             b             offsetl       Al           
   0 8.8305610163e-02   0.00e+00  1.81e+01    9.795000e+00   1.999647e-03  -2.592304e-02   4.999424e-04
   1 8.8305610163e-02   0.00e+00  1.81e+08    9.795000e+00   1.999647e-03  -2.592304e-02   4.999424e-04

After 1 iterations the fit converged.
final sum of squares of residuals : 0.0883056
rel. change during last iteration : 0

degrees of freedom    (FIT_NDF)                        : 9
rms of residuals      (FIT_STDFIT) = sqrt(WSSR/ndf)    : 0.0990542
variance of residuals (reduced chisquare) = WSSR/ndf   : 0.00981173

Final set of parameters            Asymptotic Standard Error
=======================            ==========================
a               = 9.795            +/- 0.064        (0.6534%)
b               = 0.00199965       +/- 0.005271     (263.6%)
offsetl         = -0.025923        +/- 0.1024       (394.8%)
Al              = 0.000499942      +/- 0.004087     (817.6%)

correlation matrix of the fit parameters:
                a      b      offset Al     
a               1.000 
b               0.240  1.000 
offsetl         0.622  0.772  1.000 
Al              0.934  0.541  0.843  1.000 
